Mensaje I / 00:00:00:000 / Root(00) para top(01)
Mensaje I / 00:00:00:000 / top(01) para workstation(02)
Mensaje I / 00:00:00:000 / workstation(02) para source(03)
Mensaje I / 00:00:00:000 / workstation(02) para sink(04)
Mensaje D / 00:00:00:000 / source(03) / 00:00:10:000 para workstation(02)
Mensaje D / 00:00:00:000 / sink(04) / 100:40:39:099 para workstation(02)
Mensaje D / 00:00:00:000 / workstation(02) / 00:00:10:000 para top(01)
Mensaje D / 00:00:00:000 / top(01) / 00:00:10:000 para Root(00)
Mensaje * / 00:00:10:000 / Root(00) para top(01)
Mensaje * / 00:00:10:000 / top(01) para workstation(02)
Mensaje * / 00:00:10:000 / workstation(02) para source(03)
Mensaje Y / 00:00:10:000 / source(03) / packetout /      1.00000 para workstation(02)
Mensaje Y / 00:00:10:000 / source(03) / packetsgenerated /      1.00000 para workstation(02)
Mensaje D / 00:00:10:000 / source(03) / 00:00:10:000 para workstation(02)
Mensaje Y / 00:00:10:000 / workstation(02) / packetout /      1.00000 para top(01)
Mensaje Y / 00:00:10:000 / workstation(02) / packetsgenerated /      1.00000 para top(01)
Mensaje D / 00:00:10:000 / workstation(02) / 00:00:10:000 para top(01)
Mensaje Y / 00:00:10:000 / top(01) / packetout /      1.00000 para Root(00)
Mensaje Y / 00:00:10:000 / top(01) / packetsgenerated /      1.00000 para Root(00)
Mensaje D / 00:00:10:000 / top(01) / 00:00:10:000 para Root(00)
Mensaje X / 00:00:11:000 / Root(00) / packetin /      0.00000 para top(01)
Mensaje X / 00:00:11:000 / top(01) / packetin /      0.00000 para workstation(02)
Mensaje X / 00:00:11:000 / workstation(02) / packetin /      0.00000 para sink(04)
Mensaje D / 00:00:11:000 / sink(04) / ... para workstation(02)
Mensaje D / 00:00:11:000 / workstation(02) / 00:00:09:000 para top(01)
Mensaje D / 00:00:11:000 / top(01) / 00:00:09:000 para Root(00)
Mensaje * / 00:00:20:000 / Root(00) para top(01)
Mensaje * / 00:00:20:000 / top(01) para workstation(02)
Mensaje * / 00:00:20:000 / workstation(02) para source(03)
Mensaje Y / 00:00:20:000 / source(03) / packetout /      6.00000 para workstation(02)
Mensaje Y / 00:00:20:000 / source(03) / packetsgenerated /      6.00000 para workstation(02)
Mensaje D / 00:00:20:000 / source(03) / 00:00:10:000 para workstation(02)
Mensaje Y / 00:00:20:000 / workstation(02) / packetout /      6.00000 para top(01)
Mensaje Y / 00:00:20:000 / workstation(02) / packetsgenerated /      6.00000 para top(01)
Mensaje D / 00:00:20:000 / workstation(02) / 00:00:10:000 para top(01)
Mensaje Y / 00:00:20:000 / top(01) / packetout /      6.00000 para Root(00)
Mensaje Y / 00:00:20:000 / top(01) / packetsgenerated /      6.00000 para Root(00)
Mensaje D / 00:00:20:000 / top(01) / 00:00:10:000 para Root(00)
Mensaje X / 00:00:21:000 / Root(00) / packetin /      1.00000 para top(01)
Mensaje X / 00:00:21:000 / top(01) / packetin /      1.00000 para workstation(02)
Mensaje X / 00:00:21:000 / workstation(02) / packetin /      1.00000 para sink(04)
Mensaje D / 00:00:21:000 / sink(04) / 00:00:01:000 para workstation(02)
Mensaje D / 00:00:21:000 / workstation(02) / 00:00:01:000 para top(01)
Mensaje D / 00:00:21:000 / top(01) / 00:00:01:000 para Root(00)
Mensaje * / 00:00:22:000 / Root(00) para top(01)
Mensaje * / 00:00:22:000 / top(01) para workstation(02)
Mensaje * / 00:00:22:000 / workstation(02) para sink(04)
Mensaje Y / 00:00:22:000 / sink(04) / packetsreceived /      1.00000 para workstation(02)
Mensaje D / 00:00:22:000 / sink(04) / ... para workstation(02)
Mensaje Y / 00:00:22:000 / workstation(02) / packetsreceived /      1.00000 para top(01)
Mensaje D / 00:00:22:000 / workstation(02) / 00:00:08:000 para top(01)
Mensaje Y / 00:00:22:000 / top(01) / packetsreceived /      1.00000 para Root(00)
Mensaje D / 00:00:22:000 / top(01) / 00:00:08:000 para Root(00)
Mensaje * / 00:00:30:000 / Root(00) para top(01)
Mensaje * / 00:00:30:000 / top(01) para workstation(02)
Mensaje * / 00:00:30:000 / workstation(02) para source(03)
Mensaje Y / 00:00:30:000 / source(03) / packetout /     10.00000 para workstation(02)
Mensaje Y / 00:00:30:000 / source(03) / packetsgenerated /     10.00000 para workstation(02)
Mensaje D / 00:00:30:000 / source(03) / 00:00:10:000 para workstation(02)
Mensaje Y / 00:00:30:000 / workstation(02) / packetout /     10.00000 para top(01)
Mensaje Y / 00:00:30:000 / workstation(02) / packetsgenerated /     10.00000 para top(01)
Mensaje D / 00:00:30:000 / workstation(02) / 00:00:10:000 para top(01)
Mensaje Y / 00:00:30:000 / top(01) / packetout /     10.00000 para Root(00)
Mensaje Y / 00:00:30:000 / top(01) / packetsgenerated /     10.00000 para Root(00)
Mensaje D / 00:00:30:000 / top(01) / 00:00:10:000 para Root(00)
Mensaje X / 00:00:31:000 / Root(00) / packetin /      2.00000 para top(01)
Mensaje X / 00:00:31:000 / top(01) / packetin /      2.00000 para workstation(02)
Mensaje X / 00:00:31:000 / workstation(02) / packetin /      2.00000 para sink(04)
Mensaje D / 00:00:31:000 / sink(04) / ... para workstation(02)
Mensaje D / 00:00:31:000 / workstation(02) / 00:00:09:000 para top(01)
Mensaje D / 00:00:31:000 / top(01) / 00:00:09:000 para Root(00)
Mensaje * / 00:00:40:000 / Root(00) para top(01)
Mensaje * / 00:00:40:000 / top(01) para workstation(02)
Mensaje * / 00:00:40:000 / workstation(02) para source(03)
Mensaje Y / 00:00:40:000 / source(03) / packetout /     10.00000 para workstation(02)
Mensaje Y / 00:00:40:000 / source(03) / packetsgenerated /     10.00000 para workstation(02)
Mensaje D / 00:00:40:000 / source(03) / 00:00:10:000 para workstation(02)
Mensaje Y / 00:00:40:000 / workstation(02) / packetout /     10.00000 para top(01)
Mensaje Y / 00:00:40:000 / workstation(02) / packetsgenerated /     10.00000 para top(01)
Mensaje D / 00:00:40:000 / workstation(02) / 00:00:10:000 para top(01)
Mensaje Y / 00:00:40:000 / top(01) / packetout /     10.00000 para Root(00)
Mensaje Y / 00:00:40:000 / top(01) / packetsgenerated /     10.00000 para Root(00)
Mensaje D / 00:00:40:000 / top(01) / 00:00:10:000 para Root(00)
Mensaje X / 00:00:41:000 / Root(00) / packetin /      3.00000 para top(01)
Mensaje X / 00:00:41:000 / top(01) / packetin /      3.00000 para workstation(02)
Mensaje X / 00:00:41:000 / workstation(02) / packetin /      3.00000 para sink(04)
Mensaje D / 00:00:41:000 / sink(04) / ... para workstation(02)
Mensaje D / 00:00:41:000 / workstation(02) / 00:00:09:000 para top(01)
Mensaje D / 00:00:41:000 / top(01) / 00:00:09:000 para Root(00)
Mensaje * / 00:00:50:000 / Root(00) para top(01)
Mensaje * / 00:00:50:000 / top(01) para workstation(02)
Mensaje * / 00:00:50:000 / workstation(02) para source(03)
Mensaje Y / 00:00:50:000 / source(03) / packetout /     10.00000 para workstation(02)
Mensaje Y / 00:00:50:000 / source(03) / packetsgenerated /     10.00000 para workstation(02)
Mensaje D / 00:00:50:000 / source(03) / 00:00:10:000 para workstation(02)
Mensaje Y / 00:00:50:000 / workstation(02) / packetout /     10.00000 para top(01)
Mensaje Y / 00:00:50:000 / workstation(02) / packetsgenerated /     10.00000 para top(01)
Mensaje D / 00:00:50:000 / workstation(02) / 00:00:10:000 para top(01)
Mensaje Y / 00:00:50:000 / top(01) / packetout /     10.00000 para Root(00)
Mensaje Y / 00:00:50:000 / top(01) / packetsgenerated /     10.00000 para Root(00)
Mensaje D / 00:00:50:000 / top(01) / 00:00:10:000 para Root(00)
Mensaje X / 00:00:51:000 / Root(00) / packetin /      0.00000 para top(01)
Mensaje X / 00:00:51:000 / top(01) / packetin /      0.00000 para workstation(02)
Mensaje X / 00:00:51:000 / workstation(02) / packetin /      0.00000 para sink(04)
Mensaje D / 00:00:51:000 / sink(04) / ... para workstation(02)
Mensaje D / 00:00:51:000 / workstation(02) / 00:00:09:000 para top(01)
Mensaje D / 00:00:51:000 / top(01) / 00:00:09:000 para Root(00)
Mensaje * / 00:01:00:000 / Root(00) para top(01)
Mensaje * / 00:01:00:000 / top(01) para workstation(02)
Mensaje * / 00:01:00:000 / workstation(02) para source(03)
Mensaje Y / 00:01:00:000 / source(03) / packetout /      7.00000 para workstation(02)
Mensaje Y / 00:01:00:000 / source(03) / packetsgenerated /      7.00000 para workstation(02)
Mensaje D / 00:01:00:000 / source(03) / 00:00:10:000 para workstation(02)
Mensaje Y / 00:01:00:000 / workstation(02) / packetout /      7.00000 para top(01)
Mensaje Y / 00:01:00:000 / workstation(02) / packetsgenerated /      7.00000 para top(01)
Mensaje D / 00:01:00:000 / workstation(02) / 00:00:10:000 para top(01)
Mensaje Y / 00:01:00:000 / top(01) / packetout /      7.00000 para Root(00)
Mensaje Y / 00:01:00:000 / top(01) / packetsgenerated /      7.00000 para Root(00)
Mensaje D / 00:01:00:000 / top(01) / 00:00:10:000 para Root(00)
Mensaje X / 00:01:01:000 / Root(00) / packetin /      1.00000 para top(01)
Mensaje X / 00:01:01:000 / top(01) / packetin /      1.00000 para workstation(02)
Mensaje X / 00:01:01:000 / workstation(02) / packetin /      1.00000 para sink(04)
Mensaje D / 00:01:01:000 / sink(04) / 00:00:01:000 para workstation(02)
Mensaje D / 00:01:01:000 / workstation(02) / 00:00:01:000 para top(01)
Mensaje D / 00:01:01:000 / top(01) / 00:00:01:000 para Root(00)
Mensaje * / 00:01:02:000 / Root(00) para top(01)
Mensaje * / 00:01:02:000 / top(01) para workstation(02)
Mensaje * / 00:01:02:000 / workstation(02) para sink(04)
Mensaje Y / 00:01:02:000 / sink(04) / packetsreceived /      2.00000 para workstation(02)
Mensaje D / 00:01:02:000 / sink(04) / ... para workstation(02)
Mensaje Y / 00:01:02:000 / workstation(02) / packetsreceived /      2.00000 para top(01)
Mensaje D / 00:01:02:000 / workstation(02) / 00:00:08:000 para top(01)
Mensaje Y / 00:01:02:000 / top(01) / packetsreceived /      2.00000 para Root(00)
Mensaje D / 00:01:02:000 / top(01) / 00:00:08:000 para Root(00)
Mensaje * / 00:01:10:000 / Root(00) para top(01)
Mensaje * / 00:01:10:000 / top(01) para workstation(02)
Mensaje * / 00:01:10:000 / workstation(02) para source(03)
Mensaje Y / 00:01:10:000 / source(03) / packetout /      6.00000 para workstation(02)
Mensaje Y / 00:01:10:000 / source(03) / packetsgenerated /      6.00000 para workstation(02)
Mensaje D / 00:01:10:000 / source(03) / 00:00:10:000 para workstation(02)
Mensaje Y / 00:01:10:000 / workstation(02) / packetout /      6.00000 para top(01)
Mensaje Y / 00:01:10:000 / workstation(02) / packetsgenerated /      6.00000 para top(01)
Mensaje D / 00:01:10:000 / workstation(02) / 00:00:10:000 para top(01)
Mensaje Y / 00:01:10:000 / top(01) / packetout /      6.00000 para Root(00)
Mensaje Y / 00:01:10:000 / top(01) / packetsgenerated /      6.00000 para Root(00)
Mensaje D / 00:01:10:000 / top(01) / 00:00:10:000 para Root(00)
Mensaje X / 00:01:11:000 / Root(00) / packetin /      0.00000 para top(01)
Mensaje X / 00:01:11:000 / top(01) / packetin /      0.00000 para workstation(02)
Mensaje X / 00:01:11:000 / workstation(02) / packetin /      0.00000 para sink(04)
Mensaje D / 00:01:11:000 / sink(04) / ... para workstation(02)
Mensaje D / 00:01:11:000 / workstation(02) / 00:00:09:000 para top(01)
Mensaje D / 00:01:11:000 / top(01) / 00:00:09:000 para Root(00)
Mensaje * / 00:01:20:000 / Root(00) para top(01)
Mensaje * / 00:01:20:000 / top(01) para workstation(02)
Mensaje * / 00:01:20:000 / workstation(02) para source(03)
Mensaje Y / 00:01:20:000 / source(03) / packetout /      1.00000 para workstation(02)
Mensaje Y / 00:01:20:000 / source(03) / packetsgenerated /      1.00000 para workstation(02)
Mensaje D / 00:01:20:000 / source(03) / 00:00:10:000 para workstation(02)
Mensaje Y / 00:01:20:000 / workstation(02) / packetout /      1.00000 para top(01)
Mensaje Y / 00:01:20:000 / workstation(02) / packetsgenerated /      1.00000 para top(01)
Mensaje D / 00:01:20:000 / workstation(02) / 00:00:10:000 para top(01)
Mensaje Y / 00:01:20:000 / top(01) / packetout /      1.00000 para Root(00)
Mensaje Y / 00:01:20:000 / top(01) / packetsgenerated /      1.00000 para Root(00)
Mensaje D / 00:01:20:000 / top(01) / 00:00:10:000 para Root(00)
Mensaje X / 00:01:21:000 / Root(00) / packetin /      1.00000 para top(01)
Mensaje X / 00:01:21:000 / top(01) / packetin /      1.00000 para workstation(02)
Mensaje X / 00:01:21:000 / workstation(02) / packetin /      1.00000 para sink(04)
Mensaje D / 00:01:21:000 / sink(04) / 00:00:01:000 para workstation(02)
Mensaje D / 00:01:21:000 / workstation(02) / 00:00:01:000 para top(01)
Mensaje D / 00:01:21:000 / top(01) / 00:00:01:000 para Root(00)
Mensaje * / 00:01:22:000 / Root(00) para top(01)
Mensaje * / 00:01:22:000 / top(01) para workstation(02)
Mensaje * / 00:01:22:000 / workstation(02) para sink(04)
Mensaje Y / 00:01:22:000 / sink(04) / packetsreceived /      3.00000 para workstation(02)
Mensaje D / 00:01:22:000 / sink(04) / ... para workstation(02)
Mensaje Y / 00:01:22:000 / workstation(02) / packetsreceived /      3.00000 para top(01)
Mensaje D / 00:01:22:000 / workstation(02) / 00:00:08:000 para top(01)
Mensaje Y / 00:01:22:000 / top(01) / packetsreceived /      3.00000 para Root(00)
Mensaje D / 00:01:22:000 / top(01) / 00:00:08:000 para Root(00)
Mensaje * / 00:01:30:000 / Root(00) para top(01)
Mensaje * / 00:01:30:000 / top(01) para workstation(02)
Mensaje * / 00:01:30:000 / workstation(02) para source(03)
Mensaje Y / 00:01:30:000 / source(03) / packetout /      9.00000 para workstation(02)
Mensaje Y / 00:01:30:000 / source(03) / packetsgenerated /      9.00000 para workstation(02)
Mensaje D / 00:01:30:000 / source(03) / 00:00:10:000 para workstation(02)
Mensaje Y / 00:01:30:000 / workstation(02) / packetout /      9.00000 para top(01)
Mensaje Y / 00:01:30:000 / workstation(02) / packetsgenerated /      9.00000 para top(01)
Mensaje D / 00:01:30:000 / workstation(02) / 00:00:10:000 para top(01)
Mensaje Y / 00:01:30:000 / top(01) / packetout /      9.00000 para Root(00)
Mensaje Y / 00:01:30:000 / top(01) / packetsgenerated /      9.00000 para Root(00)
Mensaje D / 00:01:30:000 / top(01) / 00:00:10:000 para Root(00)
Mensaje X / 00:01:31:000 / Root(00) / packetin /      0.00000 para top(01)
Mensaje X / 00:01:31:000 / top(01) / packetin /      0.00000 para workstation(02)
Mensaje X / 00:01:31:000 / workstation(02) / packetin /      0.00000 para sink(04)
Mensaje D / 00:01:31:000 / sink(04) / ... para workstation(02)
Mensaje D / 00:01:31:000 / workstation(02) / 00:00:09:000 para top(01)
Mensaje D / 00:01:31:000 / top(01) / 00:00:09:000 para Root(00)
Mensaje * / 00:01:40:000 / Root(00) para top(01)
Mensaje * / 00:01:40:000 / top(01) para workstation(02)
Mensaje * / 00:01:40:000 / workstation(02) para source(03)
Mensaje Y / 00:01:40:000 / source(03) / packetout /      2.00000 para workstation(02)
Mensaje Y / 00:01:40:000 / source(03) / packetsgenerated /      2.00000 para workstation(02)
Mensaje D / 00:01:40:000 / source(03) / 00:00:10:000 para workstation(02)
Mensaje Y / 00:01:40:000 / workstation(02) / packetout /      2.00000 para top(01)
Mensaje Y / 00:01:40:000 / workstation(02) / packetsgenerated /      2.00000 para top(01)
Mensaje D / 00:01:40:000 / workstation(02) / 00:00:10:000 para top(01)
Mensaje Y / 00:01:40:000 / top(01) / packetout /      2.00000 para Root(00)
Mensaje Y / 00:01:40:000 / top(01) / packetsgenerated /      2.00000 para Root(00)
Mensaje D / 00:01:40:000 / top(01) / 00:00:10:000 para Root(00)
Mensaje X / 00:01:41:000 / Root(00) / packetin /      1.00000 para top(01)
Mensaje X / 00:01:41:000 / top(01) / packetin /      1.00000 para workstation(02)
Mensaje X / 00:01:41:000 / workstation(02) / packetin /      1.00000 para sink(04)
Mensaje D / 00:01:41:000 / sink(04) / 00:00:01:000 para workstation(02)
Mensaje D / 00:01:41:000 / workstation(02) / 00:00:01:000 para top(01)
Mensaje D / 00:01:41:000 / top(01) / 00:00:01:000 para Root(00)
Mensaje * / 00:01:42:000 / Root(00) para top(01)
Mensaje * / 00:01:42:000 / top(01) para workstation(02)
Mensaje * / 00:01:42:000 / workstation(02) para sink(04)
Mensaje Y / 00:01:42:000 / sink(04) / packetsreceived /      4.00000 para workstation(02)
Mensaje D / 00:01:42:000 / sink(04) / ... para workstation(02)
Mensaje Y / 00:01:42:000 / workstation(02) / packetsreceived /      4.00000 para top(01)
Mensaje D / 00:01:42:000 / workstation(02) / 00:00:08:000 para top(01)
Mensaje Y / 00:01:42:000 / top(01) / packetsreceived /      4.00000 para Root(00)
Mensaje D / 00:01:42:000 / top(01) / 00:00:08:000 para Root(00)
Mensaje * / 00:01:50:000 / Root(00) para top(01)
Mensaje * / 00:01:50:000 / top(01) para workstation(02)
Mensaje * / 00:01:50:000 / workstation(02) para source(03)
Mensaje Y / 00:01:50:000 / source(03) / packetout /      4.00000 para workstation(02)
Mensaje Y / 00:01:50:000 / source(03) / packetsgenerated /      4.00000 para workstation(02)
Mensaje D / 00:01:50:000 / source(03) / 00:00:10:000 para workstation(02)
Mensaje Y / 00:01:50:000 / workstation(02) / packetout /      4.00000 para top(01)
Mensaje Y / 00:01:50:000 / workstation(02) / packetsgenerated /      4.00000 para top(01)
Mensaje D / 00:01:50:000 / workstation(02) / 00:00:10:000 para top(01)
Mensaje Y / 00:01:50:000 / top(01) / packetout /      4.00000 para Root(00)
Mensaje Y / 00:01:50:000 / top(01) / packetsgenerated /      4.00000 para Root(00)
Mensaje D / 00:01:50:000 / top(01) / 00:00:10:000 para Root(00)
Mensaje X / 00:01:51:000 / Root(00) / packetin /      0.00000 para top(01)
Mensaje X / 00:01:51:000 / top(01) / packetin /      0.00000 para workstation(02)
Mensaje X / 00:01:51:000 / workstation(02) / packetin /      0.00000 para sink(04)
Mensaje D / 00:01:51:000 / sink(04) / ... para workstation(02)
Mensaje D / 00:01:51:000 / workstation(02) / 00:00:09:000 para top(01)
Mensaje D / 00:01:51:000 / top(01) / 00:00:09:000 para Root(00)
Mensaje * / 00:02:00:000 / Root(00) para top(01)
Mensaje * / 00:02:00:000 / top(01) para workstation(02)
Mensaje * / 00:02:00:000 / workstation(02) para source(03)
Mensaje Y / 00:02:00:000 / source(03) / packetout /      4.00000 para workstation(02)
Mensaje Y / 00:02:00:000 / source(03) / packetsgenerated /      4.00000 para workstation(02)
Mensaje D / 00:02:00:000 / source(03) / 00:00:10:000 para workstation(02)
Mensaje Y / 00:02:00:000 / workstation(02) / packetout /      4.00000 para top(01)
Mensaje Y / 00:02:00:000 / workstation(02) / packetsgenerated /      4.00000 para top(01)
Mensaje D / 00:02:00:000 / workstation(02) / 00:00:10:000 para top(01)
Mensaje Y / 00:02:00:000 / top(01) / packetout /      4.00000 para Root(00)
Mensaje Y / 00:02:00:000 / top(01) / packetsgenerated /      4.00000 para Root(00)
Mensaje D / 00:02:00:000 / top(01) / 00:00:10:000 para Root(00)
Mensaje X / 00:02:01:000 / Root(00) / packetin /      1.00000 para top(01)
Mensaje X / 00:02:01:000 / top(01) / packetin /      1.00000 para workstation(02)
Mensaje X / 00:02:01:000 / workstation(02) / packetin /      1.00000 para sink(04)
Mensaje D / 00:02:01:000 / sink(04) / 00:00:01:000 para workstation(02)
Mensaje D / 00:02:01:000 / workstation(02) / 00:00:01:000 para top(01)
Mensaje D / 00:02:01:000 / top(01) / 00:00:01:000 para Root(00)
Mensaje * / 00:02:02:000 / Root(00) para top(01)
Mensaje * / 00:02:02:000 / top(01) para workstation(02)
Mensaje * / 00:02:02:000 / workstation(02) para sink(04)
Mensaje Y / 00:02:02:000 / sink(04) / packetsreceived /      5.00000 para workstation(02)
Mensaje D / 00:02:02:000 / sink(04) / ... para workstation(02)
Mensaje Y / 00:02:02:000 / workstation(02) / packetsreceived /      5.00000 para top(01)
Mensaje D / 00:02:02:000 / workstation(02) / 00:00:08:000 para top(01)
Mensaje Y / 00:02:02:000 / top(01) / packetsreceived /      5.00000 para Root(00)
Mensaje D / 00:02:02:000 / top(01) / 00:00:08:000 para Root(00)
Mensaje * / 00:02:10:000 / Root(00) para top(01)
Mensaje * / 00:02:10:000 / top(01) para workstation(02)
Mensaje * / 00:02:10:000 / workstation(02) para source(03)
Mensaje Y / 00:02:10:000 / source(03) / packetout /      3.00000 para workstation(02)
Mensaje Y / 00:02:10:000 / source(03) / packetsgenerated /      3.00000 para workstation(02)
Mensaje D / 00:02:10:000 / source(03) / 00:00:10:000 para workstation(02)
Mensaje Y / 00:02:10:000 / workstation(02) / packetout /      3.00000 para top(01)
Mensaje Y / 00:02:10:000 / workstation(02) / packetsgenerated /      3.00000 para top(01)
Mensaje D / 00:02:10:000 / workstation(02) / 00:00:10:000 para top(01)
Mensaje Y / 00:02:10:000 / top(01) / packetout /      3.00000 para Root(00)
Mensaje Y / 00:02:10:000 / top(01) / packetsgenerated /      3.00000 para Root(00)
Mensaje D / 00:02:10:000 / top(01) / 00:00:10:000 para Root(00)
Mensaje * / 00:02:20:000 / Root(00) para top(01)
Mensaje * / 00:02:20:000 / top(01) para workstation(02)
Mensaje * / 00:02:20:000 / workstation(02) para source(03)
Mensaje Y / 00:02:20:000 / source(03) / packetout /      7.00000 para workstation(02)
Mensaje Y / 00:02:20:000 / source(03) / packetsgenerated /      7.00000 para workstation(02)
Mensaje D / 00:02:20:000 / source(03) / 00:00:10:000 para workstation(02)
Mensaje Y / 00:02:20:000 / workstation(02) / packetout /      7.00000 para top(01)
Mensaje Y / 00:02:20:000 / workstation(02) / packetsgenerated /      7.00000 para top(01)
Mensaje D / 00:02:20:000 / workstation(02) / 00:00:10:000 para top(01)
Mensaje Y / 00:02:20:000 / top(01) / packetout /      7.00000 para Root(00)
Mensaje Y / 00:02:20:000 / top(01) / packetsgenerated /      7.00000 para Root(00)
Mensaje D / 00:02:20:000 / top(01) / 00:00:10:000 para Root(00)
Mensaje * / 00:02:30:000 / Root(00) para top(01)
Mensaje * / 00:02:30:000 / top(01) para workstation(02)
Mensaje * / 00:02:30:000 / workstation(02) para source(03)
Mensaje Y / 00:02:30:000 / source(03) / packetout /      8.00000 para workstation(02)
Mensaje Y / 00:02:30:000 / source(03) / packetsgenerated /      8.00000 para workstation(02)
Mensaje D / 00:02:30:000 / source(03) / 00:00:10:000 para workstation(02)
Mensaje Y / 00:02:30:000 / workstation(02) / packetout /      8.00000 para top(01)
Mensaje Y / 00:02:30:000 / workstation(02) / packetsgenerated /      8.00000 para top(01)
Mensaje D / 00:02:30:000 / workstation(02) / 00:00:10:000 para top(01)
Mensaje Y / 00:02:30:000 / top(01) / packetout /      8.00000 para Root(00)
Mensaje Y / 00:02:30:000 / top(01) / packetsgenerated /      8.00000 para Root(00)
Mensaje D / 00:02:30:000 / top(01) / 00:00:10:000 para Root(00)
Mensaje * / 00:02:40:000 / Root(00) para top(01)
Mensaje * / 00:02:40:000 / top(01) para workstation(02)
Mensaje * / 00:02:40:000 / workstation(02) para source(03)
Mensaje Y / 00:02:40:000 / source(03) / packetout /      4.00000 para workstation(02)
Mensaje Y / 00:02:40:000 / source(03) / packetsgenerated /      4.00000 para workstation(02)
Mensaje D / 00:02:40:000 / source(03) / 00:00:10:000 para workstation(02)
Mensaje Y / 00:02:40:000 / workstation(02) / packetout /      4.00000 para top(01)
Mensaje Y / 00:02:40:000 / workstation(02) / packetsgenerated /      4.00000 para top(01)
Mensaje D / 00:02:40:000 / workstation(02) / 00:00:10:000 para top(01)
Mensaje Y / 00:02:40:000 / top(01) / packetout /      4.00000 para Root(00)
Mensaje Y / 00:02:40:000 / top(01) / packetsgenerated /      4.00000 para Root(00)
Mensaje D / 00:02:40:000 / top(01) / 00:00:10:000 para Root(00)
Mensaje * / 00:02:50:000 / Root(00) para top(01)
Mensaje * / 00:02:50:000 / top(01) para workstation(02)
Mensaje * / 00:02:50:000 / workstation(02) para source(03)
Mensaje Y / 00:02:50:000 / source(03) / packetout /     11.00000 para workstation(02)
Mensaje Y / 00:02:50:000 / source(03) / packetsgenerated /     11.00000 para workstation(02)
Mensaje D / 00:02:50:000 / source(03) / 00:00:10:000 para workstation(02)
Mensaje Y / 00:02:50:000 / workstation(02) / packetout /     11.00000 para top(01)
Mensaje Y / 00:02:50:000 / workstation(02) / packetsgenerated /     11.00000 para top(01)
Mensaje D / 00:02:50:000 / workstation(02) / 00:00:10:000 para top(01)
Mensaje Y / 00:02:50:000 / top(01) / packetout /     11.00000 para Root(00)
Mensaje Y / 00:02:50:000 / top(01) / packetsgenerated /     11.00000 para Root(00)
Mensaje D / 00:02:50:000 / top(01) / 00:00:10:000 para Root(00)
Mensaje * / 00:03:00:000 / Root(00) para top(01)
Mensaje * / 00:03:00:000 / top(01) para workstation(02)
Mensaje * / 00:03:00:000 / workstation(02) para source(03)
Mensaje Y / 00:03:00:000 / source(03) / packetout /      4.00000 para workstation(02)
Mensaje Y / 00:03:00:000 / source(03) / packetsgenerated /      4.00000 para workstation(02)
Mensaje D / 00:03:00:000 / source(03) / 00:00:10:000 para workstation(02)
Mensaje Y / 00:03:00:000 / workstation(02) / packetout /      4.00000 para top(01)
Mensaje Y / 00:03:00:000 / workstation(02) / packetsgenerated /      4.00000 para top(01)
Mensaje D / 00:03:00:000 / workstation(02) / 00:00:10:000 para top(01)
Mensaje Y / 00:03:00:000 / top(01) / packetout /      4.00000 para Root(00)
Mensaje Y / 00:03:00:000 / top(01) / packetsgenerated /      4.00000 para Root(00)
Mensaje D / 00:03:00:000 / top(01) / 00:00:10:000 para Root(00)
