Mensaje I / 00:00:00:000 / Root(00) para top(01)
Mensaje I / 00:00:00:000 / top(01) para sink(02)
Mensaje D / 00:00:00:000 / sink(02) / 100:40:39:099 para top(01)
Mensaje D / 00:00:00:000 / top(01) / 100:40:39:099 para Root(00)
Mensaje X / 00:00:11:000 / Root(00) / packetin /      0.00000 para top(01)
Mensaje X / 00:00:11:000 / top(01) / packetin /      0.00000 para sink(02)
Mensaje D / 00:00:11:000 / sink(02) / ... para top(01)
Mensaje D / 00:00:11:000 / top(01) / ... para Root(00)
Mensaje X / 00:00:21:000 / Root(00) / packetin /      1.00000 para top(01)
Mensaje X / 00:00:21:000 / top(01) / packetin /      1.00000 para sink(02)
Mensaje D / 00:00:21:000 / sink(02) / 00:00:01:000 para top(01)
Mensaje D / 00:00:21:000 / top(01) / 00:00:01:000 para Root(00)
Mensaje * / 00:00:22:000 / Root(00) para top(01)
Mensaje * / 00:00:22:000 / top(01) para sink(02)
Mensaje Y / 00:00:22:000 / sink(02) / packetsreceived /      1.00000 para top(01)
Mensaje D / 00:00:22:000 / sink(02) / ... para top(01)
Mensaje Y / 00:00:22:000 / top(01) / packetsreceived /      1.00000 para Root(00)
Mensaje D / 00:00:22:000 / top(01) / ... para Root(00)
Mensaje X / 00:00:31:000 / Root(00) / packetin /      2.00000 para top(01)
Mensaje X / 00:00:31:000 / top(01) / packetin /      2.00000 para sink(02)
Mensaje D / 00:00:31:000 / sink(02) / ... para top(01)
Mensaje D / 00:00:31:000 / top(01) / ... para Root(00)
Mensaje X / 00:00:41:000 / Root(00) / packetin /      3.00000 para top(01)
Mensaje X / 00:00:41:000 / top(01) / packetin /      3.00000 para sink(02)
Mensaje D / 00:00:41:000 / sink(02) / ... para top(01)
Mensaje D / 00:00:41:000 / top(01) / ... para Root(00)
Mensaje X / 00:00:51:000 / Root(00) / packetin /      0.00000 para top(01)
Mensaje X / 00:00:51:000 / top(01) / packetin /      0.00000 para sink(02)
Mensaje D / 00:00:51:000 / sink(02) / ... para top(01)
Mensaje D / 00:00:51:000 / top(01) / ... para Root(00)
Mensaje X / 00:01:01:000 / Root(00) / packetin /      1.00000 para top(01)
Mensaje X / 00:01:01:000 / top(01) / packetin /      1.00000 para sink(02)
Mensaje D / 00:01:01:000 / sink(02) / 00:00:01:000 para top(01)
Mensaje D / 00:01:01:000 / top(01) / 00:00:01:000 para Root(00)
Mensaje * / 00:01:02:000 / Root(00) para top(01)
Mensaje * / 00:01:02:000 / top(01) para sink(02)
Mensaje Y / 00:01:02:000 / sink(02) / packetsreceived /      2.00000 para top(01)
Mensaje D / 00:01:02:000 / sink(02) / ... para top(01)
Mensaje Y / 00:01:02:000 / top(01) / packetsreceived /      2.00000 para Root(00)
Mensaje D / 00:01:02:000 / top(01) / ... para Root(00)
Mensaje X / 00:01:11:000 / Root(00) / packetin /      0.00000 para top(01)
Mensaje X / 00:01:11:000 / top(01) / packetin /      0.00000 para sink(02)
Mensaje D / 00:01:11:000 / sink(02) / ... para top(01)
Mensaje D / 00:01:11:000 / top(01) / ... para Root(00)
Mensaje X / 00:01:21:000 / Root(00) / packetin /      1.00000 para top(01)
Mensaje X / 00:01:21:000 / top(01) / packetin /      1.00000 para sink(02)
Mensaje D / 00:01:21:000 / sink(02) / 00:00:01:000 para top(01)
Mensaje D / 00:01:21:000 / top(01) / 00:00:01:000 para Root(00)
Mensaje * / 00:01:22:000 / Root(00) para top(01)
Mensaje * / 00:01:22:000 / top(01) para sink(02)
Mensaje Y / 00:01:22:000 / sink(02) / packetsreceived /      3.00000 para top(01)
Mensaje D / 00:01:22:000 / sink(02) / ... para top(01)
Mensaje Y / 00:01:22:000 / top(01) / packetsreceived /      3.00000 para Root(00)
Mensaje D / 00:01:22:000 / top(01) / ... para Root(00)
Mensaje X / 00:01:31:000 / Root(00) / packetin /      0.00000 para top(01)
Mensaje X / 00:01:31:000 / top(01) / packetin /      0.00000 para sink(02)
Mensaje D / 00:01:31:000 / sink(02) / ... para top(01)
Mensaje D / 00:01:31:000 / top(01) / ... para Root(00)
Mensaje X / 00:01:41:000 / Root(00) / packetin /      1.00000 para top(01)
Mensaje X / 00:01:41:000 / top(01) / packetin /      1.00000 para sink(02)
Mensaje D / 00:01:41:000 / sink(02) / 00:00:01:000 para top(01)
Mensaje D / 00:01:41:000 / top(01) / 00:00:01:000 para Root(00)
Mensaje * / 00:01:42:000 / Root(00) para top(01)
Mensaje * / 00:01:42:000 / top(01) para sink(02)
Mensaje Y / 00:01:42:000 / sink(02) / packetsreceived /      4.00000 para top(01)
Mensaje D / 00:01:42:000 / sink(02) / ... para top(01)
Mensaje Y / 00:01:42:000 / top(01) / packetsreceived /      4.00000 para Root(00)
Mensaje D / 00:01:42:000 / top(01) / ... para Root(00)
Mensaje X / 00:01:51:000 / Root(00) / packetin /      0.00000 para top(01)
Mensaje X / 00:01:51:000 / top(01) / packetin /      0.00000 para sink(02)
Mensaje D / 00:01:51:000 / sink(02) / ... para top(01)
Mensaje D / 00:01:51:000 / top(01) / ... para Root(00)
Mensaje X / 00:02:01:000 / Root(00) / packetin /      1.00000 para top(01)
Mensaje X / 00:02:01:000 / top(01) / packetin /      1.00000 para sink(02)
Mensaje D / 00:02:01:000 / sink(02) / 00:00:01:000 para top(01)
Mensaje D / 00:02:01:000 / top(01) / 00:00:01:000 para Root(00)
Mensaje * / 00:02:02:000 / Root(00) para top(01)
Mensaje * / 00:02:02:000 / top(01) para sink(02)
Mensaje Y / 00:02:02:000 / sink(02) / packetsreceived /      5.00000 para top(01)
Mensaje D / 00:02:02:000 / sink(02) / ... para top(01)
Mensaje Y / 00:02:02:000 / top(01) / packetsreceived /      5.00000 para Root(00)
Mensaje D / 00:02:02:000 / top(01) / ... para Root(00)
