Mensaje I / 00:00:00:000 / Root(00) para top(01)
Mensaje I / 00:00:00:000 / top(01) para wanrouter(02)
Mensaje I / 00:00:00:000 / wanrouter(02) para queue1(03)
Mensaje I / 00:00:00:000 / wanrouter(02) para queue2(04)
Mensaje I / 00:00:00:000 / wanrouter(02) para queue3(05)
Mensaje I / 00:00:00:000 / wanrouter(02) para switch1(06)
Mensaje I / 00:00:00:000 / wanrouter(02) para switch2(07)
Mensaje I / 00:00:00:000 / wanrouter(02) para switch3(08)
Mensaje D / 00:00:00:000 / queue1(03) / ... para wanrouter(02)
Mensaje D / 00:00:00:000 / queue2(04) / ... para wanrouter(02)
Mensaje D / 00:00:00:000 / queue3(05) / ... para wanrouter(02)
Mensaje D / 00:00:00:000 / switch1(06) / 100:40:39:099 para wanrouter(02)
Mensaje D / 00:00:00:000 / switch2(07) / 100:40:39:099 para wanrouter(02)
Mensaje D / 00:00:00:000 / switch3(08) / 100:40:39:099 para wanrouter(02)
Mensaje D / 00:00:00:000 / wanrouter(02) / 100:40:39:099 para top(01)
Mensaje D / 00:00:00:000 / top(01) / 100:40:39:099 para Root(00)
Mensaje X / 00:00:10:000 / Root(00) / routerin1 /      4.00000 para top(01)
Mensaje X / 00:00:10:000 / top(01) / routerin1 /      4.00000 para wanrouter(02)
Mensaje X / 00:00:10:000 / wanrouter(02) / in /      4.00000 para queue1(03)
Mensaje D / 00:00:10:000 / queue1(03) / 00:00:03:000 para wanrouter(02)
Mensaje D / 00:00:10:000 / wanrouter(02) / 00:00:03:000 para top(01)
Mensaje D / 00:00:10:000 / top(01) / 00:00:03:000 para Root(00)
Mensaje * / 00:00:13:000 / Root(00) para top(01)
Mensaje * / 00:00:13:000 / top(01) para wanrouter(02)
Mensaje * / 00:00:13:000 / wanrouter(02) para queue1(03)
Mensaje Y / 00:00:13:000 / queue1(03) / out /      4.00000 para wanrouter(02)
Mensaje D / 00:00:13:000 / queue1(03) / ... para wanrouter(02)
Mensaje X / 00:00:13:000 / wanrouter(02) / switchin /      4.00000 para switch1(06)
Mensaje D / 00:00:13:000 / switch1(06) / 00:00:01:000 para wanrouter(02)
Mensaje D / 00:00:13:000 / wanrouter(02) / 00:00:01:000 para top(01)
Mensaje D / 00:00:13:000 / top(01) / 00:00:01:000 para Root(00)
Mensaje * / 00:00:14:000 / Root(00) para top(01)
Mensaje * / 00:00:14:000 / top(01) para wanrouter(02)
Mensaje * / 00:00:14:000 / wanrouter(02) para switch1(06)
Mensaje Y / 00:00:14:000 / switch1(06) / switchout2 /      4.00000 para wanrouter(02)
Mensaje D / 00:00:14:000 / switch1(06) / ... para wanrouter(02)
Mensaje Y / 00:00:14:000 / wanrouter(02) / routerout2 /      4.00000 para top(01)
Mensaje X / 00:00:14:000 / wanrouter(02) / done /      4.00000 para queue1(03)
Mensaje Y / 00:00:14:000 / top(01) / routerout2 /      4.00000 para Root(00)
Mensaje D / 00:00:14:000 / queue1(03) / ... para wanrouter(02)
Mensaje D / 00:00:14:000 / wanrouter(02) / 100:40:25:099 para top(01)
Mensaje D / 00:00:14:000 / top(01) / 100:40:25:099 para Root(00)
Mensaje X / 00:00:20:000 / Root(00) / routerin2 /      5.00000 para top(01)
Mensaje X / 00:00:20:000 / top(01) / routerin2 /      5.00000 para wanrouter(02)
Mensaje X / 00:00:20:000 / wanrouter(02) / in /      5.00000 para queue2(04)
Mensaje D / 00:00:20:000 / queue2(04) / 00:00:03:000 para wanrouter(02)
Mensaje D / 00:00:20:000 / wanrouter(02) / 00:00:03:000 para top(01)
Mensaje D / 00:00:20:000 / top(01) / 00:00:03:000 para Root(00)
Mensaje * / 00:00:23:000 / Root(00) para top(01)
Mensaje * / 00:00:23:000 / top(01) para wanrouter(02)
Mensaje * / 00:00:23:000 / wanrouter(02) para queue2(04)
Mensaje Y / 00:00:23:000 / queue2(04) / out /      5.00000 para wanrouter(02)
Mensaje D / 00:00:23:000 / queue2(04) / ... para wanrouter(02)
Mensaje X / 00:00:23:000 / wanrouter(02) / switchin /      5.00000 para switch2(07)
Mensaje D / 00:00:23:000 / switch2(07) / 00:00:01:000 para wanrouter(02)
Mensaje D / 00:00:23:000 / wanrouter(02) / 00:00:01:000 para top(01)
Mensaje D / 00:00:23:000 / top(01) / 00:00:01:000 para Root(00)
Mensaje * / 00:00:24:000 / Root(00) para top(01)
Mensaje * / 00:00:24:000 / top(01) para wanrouter(02)
Mensaje * / 00:00:24:000 / wanrouter(02) para switch2(07)
Mensaje Y / 00:00:24:000 / switch2(07) / switchout2 /      5.00000 para wanrouter(02)
Mensaje D / 00:00:24:000 / switch2(07) / ... para wanrouter(02)
Mensaje Y / 00:00:24:000 / wanrouter(02) / routerout2 /      5.00000 para top(01)
Mensaje X / 00:00:24:000 / wanrouter(02) / done /      5.00000 para queue2(04)
Mensaje Y / 00:00:24:000 / top(01) / routerout2 /      5.00000 para Root(00)
Mensaje D / 00:00:24:000 / queue2(04) / ... para wanrouter(02)
Mensaje D / 00:00:24:000 / wanrouter(02) / 100:40:15:099 para top(01)
Mensaje D / 00:00:24:000 / top(01) / 100:40:15:099 para Root(00)
Mensaje X / 00:00:30:000 / Root(00) / routerin3 /      6.00000 para top(01)
Mensaje X / 00:00:30:000 / top(01) / routerin3 /      6.00000 para wanrouter(02)
Mensaje X / 00:00:30:000 / wanrouter(02) / in /      6.00000 para queue3(05)
Mensaje D / 00:00:30:000 / queue3(05) / 00:00:03:000 para wanrouter(02)
Mensaje D / 00:00:30:000 / wanrouter(02) / 00:00:03:000 para top(01)
Mensaje D / 00:00:30:000 / top(01) / 00:00:03:000 para Root(00)
Mensaje * / 00:00:33:000 / Root(00) para top(01)
Mensaje * / 00:00:33:000 / top(01) para wanrouter(02)
Mensaje * / 00:00:33:000 / wanrouter(02) para queue3(05)
Mensaje Y / 00:00:33:000 / queue3(05) / out /      6.00000 para wanrouter(02)
Mensaje D / 00:00:33:000 / queue3(05) / ... para wanrouter(02)
Mensaje X / 00:00:33:000 / wanrouter(02) / switchin /      6.00000 para switch3(08)
Mensaje D / 00:00:33:000 / switch3(08) / 00:00:01:000 para wanrouter(02)
Mensaje D / 00:00:33:000 / wanrouter(02) / 00:00:01:000 para top(01)
Mensaje D / 00:00:33:000 / top(01) / 00:00:01:000 para Root(00)
Mensaje * / 00:00:34:000 / Root(00) para top(01)
Mensaje * / 00:00:34:000 / top(01) para wanrouter(02)
Mensaje * / 00:00:34:000 / wanrouter(02) para switch3(08)
Mensaje Y / 00:00:34:000 / switch3(08) / switchout2 /      6.00000 para wanrouter(02)
Mensaje D / 00:00:34:000 / switch3(08) / ... para wanrouter(02)
Mensaje Y / 00:00:34:000 / wanrouter(02) / routerout2 /      6.00000 para top(01)
Mensaje X / 00:00:34:000 / wanrouter(02) / done /      6.00000 para queue3(05)
Mensaje Y / 00:00:34:000 / top(01) / routerout2 /      6.00000 para Root(00)
Mensaje D / 00:00:34:000 / queue3(05) / ... para wanrouter(02)
Mensaje D / 00:00:34:000 / wanrouter(02) / ... para top(01)
Mensaje D / 00:00:34:000 / top(01) / ... para Root(00)
Mensaje X / 00:00:40:000 / Root(00) / routerin3 /      7.00000 para top(01)
Mensaje X / 00:00:40:000 / top(01) / routerin3 /      7.00000 para wanrouter(02)
Mensaje X / 00:00:40:000 / wanrouter(02) / in /      7.00000 para queue3(05)
Mensaje D / 00:00:40:000 / queue3(05) / 00:00:03:000 para wanrouter(02)
Mensaje D / 00:00:40:000 / wanrouter(02) / 00:00:03:000 para top(01)
Mensaje D / 00:00:40:000 / top(01) / 00:00:03:000 para Root(00)
Mensaje * / 00:00:43:000 / Root(00) para top(01)
Mensaje * / 00:00:43:000 / top(01) para wanrouter(02)
Mensaje * / 00:00:43:000 / wanrouter(02) para queue3(05)
Mensaje Y / 00:00:43:000 / queue3(05) / out /      7.00000 para wanrouter(02)
Mensaje D / 00:00:43:000 / queue3(05) / ... para wanrouter(02)
Mensaje X / 00:00:43:000 / wanrouter(02) / switchin /      7.00000 para switch3(08)
Mensaje D / 00:00:43:000 / switch3(08) / 00:00:01:000 para wanrouter(02)
Mensaje D / 00:00:43:000 / wanrouter(02) / 00:00:01:000 para top(01)
Mensaje D / 00:00:43:000 / top(01) / 00:00:01:000 para Root(00)
Mensaje * / 00:00:44:000 / Root(00) para top(01)
Mensaje * / 00:00:44:000 / top(01) para wanrouter(02)
Mensaje * / 00:00:44:000 / wanrouter(02) para switch3(08)
Mensaje Y / 00:00:44:000 / switch3(08) / switchout3 /      7.00000 para wanrouter(02)
Mensaje D / 00:00:44:000 / switch3(08) / ... para wanrouter(02)
Mensaje Y / 00:00:44:000 / wanrouter(02) / routerout3 /      7.00000 para top(01)
Mensaje X / 00:00:44:000 / wanrouter(02) / done /      7.00000 para queue3(05)
Mensaje Y / 00:00:44:000 / top(01) / routerout3 /      7.00000 para Root(00)
Mensaje D / 00:00:44:000 / queue3(05) / ... para wanrouter(02)
Mensaje D / 00:00:44:000 / wanrouter(02) / ... para top(01)
Mensaje D / 00:00:44:000 / top(01) / ... para Root(00)
Mensaje X / 00:00:50:000 / Root(00) / routerin2 /      8.00000 para top(01)
Mensaje X / 00:00:50:000 / top(01) / routerin2 /      8.00000 para wanrouter(02)
Mensaje X / 00:00:50:000 / wanrouter(02) / in /      8.00000 para queue2(04)
Mensaje D / 00:00:50:000 / queue2(04) / 00:00:03:000 para wanrouter(02)
Mensaje D / 00:00:50:000 / wanrouter(02) / 00:00:03:000 para top(01)
Mensaje D / 00:00:50:000 / top(01) / 00:00:03:000 para Root(00)
Mensaje * / 00:00:53:000 / Root(00) para top(01)
Mensaje * / 00:00:53:000 / top(01) para wanrouter(02)
Mensaje * / 00:00:53:000 / wanrouter(02) para queue2(04)
Mensaje Y / 00:00:53:000 / queue2(04) / out /      8.00000 para wanrouter(02)
Mensaje D / 00:00:53:000 / queue2(04) / ... para wanrouter(02)
Mensaje X / 00:00:53:000 / wanrouter(02) / switchin /      8.00000 para switch2(07)
Mensaje D / 00:00:53:000 / switch2(07) / 00:00:01:000 para wanrouter(02)
Mensaje D / 00:00:53:000 / wanrouter(02) / 00:00:01:000 para top(01)
Mensaje D / 00:00:53:000 / top(01) / 00:00:01:000 para Root(00)
Mensaje * / 00:00:54:000 / Root(00) para top(01)
Mensaje * / 00:00:54:000 / top(01) para wanrouter(02)
Mensaje * / 00:00:54:000 / wanrouter(02) para switch2(07)
Mensaje Y / 00:00:54:000 / switch2(07) / switchout3 /      8.00000 para wanrouter(02)
Mensaje D / 00:00:54:000 / switch2(07) / ... para wanrouter(02)
Mensaje Y / 00:00:54:000 / wanrouter(02) / routerout3 /      8.00000 para top(01)
Mensaje X / 00:00:54:000 / wanrouter(02) / done /      8.00000 para queue2(04)
Mensaje Y / 00:00:54:000 / top(01) / routerout3 /      8.00000 para Root(00)
Mensaje D / 00:00:54:000 / queue2(04) / ... para wanrouter(02)
Mensaje D / 00:00:54:000 / wanrouter(02) / ... para top(01)
Mensaje D / 00:00:54:000 / top(01) / ... para Root(00)
Mensaje X / 00:01:00:000 / Root(00) / routerin1 /      9.00000 para top(01)
Mensaje X / 00:01:00:000 / top(01) / routerin1 /      9.00000 para wanrouter(02)
Mensaje X / 00:01:00:000 / wanrouter(02) / in /      9.00000 para queue1(03)
Mensaje D / 00:01:00:000 / queue1(03) / 00:00:03:000 para wanrouter(02)
Mensaje D / 00:01:00:000 / wanrouter(02) / 00:00:03:000 para top(01)
Mensaje D / 00:01:00:000 / top(01) / 00:00:03:000 para Root(00)
Mensaje * / 00:01:03:000 / Root(00) para top(01)
Mensaje * / 00:01:03:000 / top(01) para wanrouter(02)
Mensaje * / 00:01:03:000 / wanrouter(02) para queue1(03)
Mensaje Y / 00:01:03:000 / queue1(03) / out /      9.00000 para wanrouter(02)
Mensaje D / 00:01:03:000 / queue1(03) / ... para wanrouter(02)
Mensaje X / 00:01:03:000 / wanrouter(02) / switchin /      9.00000 para switch1(06)
Mensaje D / 00:01:03:000 / switch1(06) / 00:00:01:000 para wanrouter(02)
Mensaje D / 00:01:03:000 / wanrouter(02) / 00:00:01:000 para top(01)
Mensaje D / 00:01:03:000 / top(01) / 00:00:01:000 para Root(00)
Mensaje * / 00:01:04:000 / Root(00) para top(01)
Mensaje * / 00:01:04:000 / top(01) para wanrouter(02)
Mensaje * / 00:01:04:000 / wanrouter(02) para switch1(06)
Mensaje Y / 00:01:04:000 / switch1(06) / switchout3 /      9.00000 para wanrouter(02)
Mensaje D / 00:01:04:000 / switch1(06) / ... para wanrouter(02)
Mensaje Y / 00:01:04:000 / wanrouter(02) / routerout3 /      9.00000 para top(01)
Mensaje X / 00:01:04:000 / wanrouter(02) / done /      9.00000 para queue1(03)
Mensaje Y / 00:01:04:000 / top(01) / routerout3 /      9.00000 para Root(00)
Mensaje D / 00:01:04:000 / queue1(03) / ... para wanrouter(02)
Mensaje D / 00:01:04:000 / wanrouter(02) / ... para top(01)
Mensaje D / 00:01:04:000 / top(01) / ... para Root(00)
Mensaje X / 00:01:10:000 / Root(00) / routerin1 /      7.00000 para top(01)
Mensaje X / 00:01:10:000 / top(01) / routerin1 /      7.00000 para wanrouter(02)
Mensaje X / 00:01:10:000 / wanrouter(02) / in /      7.00000 para queue1(03)
Mensaje D / 00:01:10:000 / queue1(03) / 00:00:03:000 para wanrouter(02)
Mensaje D / 00:01:10:000 / wanrouter(02) / 00:00:03:000 para top(01)
Mensaje D / 00:01:10:000 / top(01) / 00:00:03:000 para Root(00)
Mensaje * / 00:01:13:000 / Root(00) para top(01)
Mensaje * / 00:01:13:000 / top(01) para wanrouter(02)
Mensaje * / 00:01:13:000 / wanrouter(02) para queue1(03)
Mensaje Y / 00:01:13:000 / queue1(03) / out /      7.00000 para wanrouter(02)
Mensaje D / 00:01:13:000 / queue1(03) / ... para wanrouter(02)
Mensaje X / 00:01:13:000 / wanrouter(02) / switchin /      7.00000 para switch1(06)
Mensaje D / 00:01:13:000 / switch1(06) / 00:00:01:000 para wanrouter(02)
Mensaje D / 00:01:13:000 / wanrouter(02) / 00:00:01:000 para top(01)
Mensaje D / 00:01:13:000 / top(01) / 00:00:01:000 para Root(00)
Mensaje * / 00:01:14:000 / Root(00) para top(01)
Mensaje * / 00:01:14:000 / top(01) para wanrouter(02)
Mensaje * / 00:01:14:000 / wanrouter(02) para switch1(06)
Mensaje Y / 00:01:14:000 / switch1(06) / switchout3 /      7.00000 para wanrouter(02)
Mensaje D / 00:01:14:000 / switch1(06) / ... para wanrouter(02)
Mensaje Y / 00:01:14:000 / wanrouter(02) / routerout3 /      7.00000 para top(01)
Mensaje X / 00:01:14:000 / wanrouter(02) / done /      7.00000 para queue1(03)
Mensaje Y / 00:01:14:000 / top(01) / routerout3 /      7.00000 para Root(00)
Mensaje D / 00:01:14:000 / queue1(03) / ... para wanrouter(02)
Mensaje D / 00:01:14:000 / wanrouter(02) / ... para top(01)
Mensaje D / 00:01:14:000 / top(01) / ... para Root(00)
Mensaje X / 00:01:20:000 / Root(00) / routerin1 /      5.00000 para top(01)
Mensaje X / 00:01:20:000 / top(01) / routerin1 /      5.00000 para wanrouter(02)
Mensaje X / 00:01:20:000 / wanrouter(02) / in /      5.00000 para queue1(03)
Mensaje D / 00:01:20:000 / queue1(03) / 00:00:03:000 para wanrouter(02)
Mensaje D / 00:01:20:000 / wanrouter(02) / 00:00:03:000 para top(01)
Mensaje D / 00:01:20:000 / top(01) / 00:00:03:000 para Root(00)
Mensaje * / 00:01:23:000 / Root(00) para top(01)
Mensaje * / 00:01:23:000 / top(01) para wanrouter(02)
Mensaje * / 00:01:23:000 / wanrouter(02) para queue1(03)
Mensaje Y / 00:01:23:000 / queue1(03) / out /      5.00000 para wanrouter(02)
Mensaje D / 00:01:23:000 / queue1(03) / ... para wanrouter(02)
Mensaje X / 00:01:23:000 / wanrouter(02) / switchin /      5.00000 para switch1(06)
Mensaje D / 00:01:23:000 / switch1(06) / 00:00:01:000 para wanrouter(02)
Mensaje D / 00:01:23:000 / wanrouter(02) / 00:00:01:000 para top(01)
Mensaje D / 00:01:23:000 / top(01) / 00:00:01:000 para Root(00)
Mensaje * / 00:01:24:000 / Root(00) para top(01)
Mensaje * / 00:01:24:000 / top(01) para wanrouter(02)
Mensaje * / 00:01:24:000 / wanrouter(02) para switch1(06)
Mensaje Y / 00:01:24:000 / switch1(06) / switchout2 /      5.00000 para wanrouter(02)
Mensaje D / 00:01:24:000 / switch1(06) / ... para wanrouter(02)
Mensaje Y / 00:01:24:000 / wanrouter(02) / routerout2 /      5.00000 para top(01)
Mensaje X / 00:01:24:000 / wanrouter(02) / done /      5.00000 para queue1(03)
Mensaje Y / 00:01:24:000 / top(01) / routerout2 /      5.00000 para Root(00)
Mensaje D / 00:01:24:000 / queue1(03) / ... para wanrouter(02)
Mensaje D / 00:01:24:000 / wanrouter(02) / ... para top(01)
Mensaje D / 00:01:24:000 / top(01) / ... para Root(00)
Mensaje X / 00:01:30:000 / Root(00) / routerin2 /      6.00000 para top(01)
Mensaje X / 00:01:30:000 / top(01) / routerin2 /      6.00000 para wanrouter(02)
Mensaje X / 00:01:30:000 / wanrouter(02) / in /      6.00000 para queue2(04)
Mensaje D / 00:01:30:000 / queue2(04) / 00:00:03:000 para wanrouter(02)
Mensaje D / 00:01:30:000 / wanrouter(02) / 00:00:03:000 para top(01)
Mensaje D / 00:01:30:000 / top(01) / 00:00:03:000 para Root(00)
Mensaje * / 00:01:33:000 / Root(00) para top(01)
Mensaje * / 00:01:33:000 / top(01) para wanrouter(02)
Mensaje * / 00:01:33:000 / wanrouter(02) para queue2(04)
Mensaje Y / 00:01:33:000 / queue2(04) / out /      6.00000 para wanrouter(02)
Mensaje D / 00:01:33:000 / queue2(04) / ... para wanrouter(02)
Mensaje X / 00:01:33:000 / wanrouter(02) / switchin /      6.00000 para switch2(07)
Mensaje D / 00:01:33:000 / switch2(07) / 00:00:01:000 para wanrouter(02)
Mensaje D / 00:01:33:000 / wanrouter(02) / 00:00:01:000 para top(01)
Mensaje D / 00:01:33:000 / top(01) / 00:00:01:000 para Root(00)
Mensaje * / 00:01:34:000 / Root(00) para top(01)
Mensaje * / 00:01:34:000 / top(01) para wanrouter(02)
Mensaje * / 00:01:34:000 / wanrouter(02) para switch2(07)
Mensaje Y / 00:01:34:000 / switch2(07) / switchout2 /      6.00000 para wanrouter(02)
Mensaje D / 00:01:34:000 / switch2(07) / ... para wanrouter(02)
Mensaje Y / 00:01:34:000 / wanrouter(02) / routerout2 /      6.00000 para top(01)
Mensaje X / 00:01:34:000 / wanrouter(02) / done /      6.00000 para queue2(04)
Mensaje Y / 00:01:34:000 / top(01) / routerout2 /      6.00000 para Root(00)
Mensaje D / 00:01:34:000 / queue2(04) / ... para wanrouter(02)
Mensaje D / 00:01:34:000 / wanrouter(02) / ... para top(01)
Mensaje D / 00:01:34:000 / top(01) / ... para Root(00)
Mensaje X / 00:01:40:000 / Root(00) / routerin2 /     10.00000 para top(01)
Mensaje X / 00:01:40:000 / top(01) / routerin2 /     10.00000 para wanrouter(02)
Mensaje X / 00:01:40:000 / wanrouter(02) / in /     10.00000 para queue2(04)
Mensaje D / 00:01:40:000 / queue2(04) / 00:00:03:000 para wanrouter(02)
Mensaje D / 00:01:40:000 / wanrouter(02) / 00:00:03:000 para top(01)
Mensaje D / 00:01:40:000 / top(01) / 00:00:03:000 para Root(00)
Mensaje * / 00:01:43:000 / Root(00) para top(01)
Mensaje * / 00:01:43:000 / top(01) para wanrouter(02)
Mensaje * / 00:01:43:000 / wanrouter(02) para queue2(04)
Mensaje Y / 00:01:43:000 / queue2(04) / out /     10.00000 para wanrouter(02)
Mensaje D / 00:01:43:000 / queue2(04) / ... para wanrouter(02)
Mensaje X / 00:01:43:000 / wanrouter(02) / switchin /     10.00000 para switch2(07)
Mensaje D / 00:01:43:000 / switch2(07) / 00:00:01:000 para wanrouter(02)
Mensaje D / 00:01:43:000 / wanrouter(02) / 00:00:01:000 para top(01)
Mensaje D / 00:01:43:000 / top(01) / 00:00:01:000 para Root(00)
Mensaje * / 00:01:44:000 / Root(00) para top(01)
Mensaje * / 00:01:44:000 / top(01) para wanrouter(02)
Mensaje * / 00:01:44:000 / wanrouter(02) para switch2(07)
Mensaje Y / 00:01:44:000 / switch2(07) / packetsdropped /     10.00000 para wanrouter(02)
Mensaje D / 00:01:44:000 / switch2(07) / ... para wanrouter(02)
Mensaje Y / 00:01:44:000 / wanrouter(02) / packetsdropped /     10.00000 para top(01)
Mensaje X / 00:01:44:000 / wanrouter(02) / done /     10.00000 para queue2(04)
Mensaje Y / 00:01:44:000 / top(01) / packetsdropped /     10.00000 para Root(00)
Mensaje D / 00:01:44:000 / queue2(04) / ... para wanrouter(02)
Mensaje D / 00:01:44:000 / wanrouter(02) / ... para top(01)
Mensaje D / 00:01:44:000 / top(01) / ... para Root(00)
Mensaje X / 00:01:50:000 / Root(00) / routerin3 /     15.00000 para top(01)
Mensaje X / 00:01:50:000 / top(01) / routerin3 /     15.00000 para wanrouter(02)
Mensaje X / 00:01:50:000 / wanrouter(02) / in /     15.00000 para queue3(05)
Mensaje D / 00:01:50:000 / queue3(05) / 00:00:03:000 para wanrouter(02)
Mensaje D / 00:01:50:000 / wanrouter(02) / 00:00:03:000 para top(01)
Mensaje D / 00:01:50:000 / top(01) / 00:00:03:000 para Root(00)
Mensaje * / 00:01:53:000 / Root(00) para top(01)
Mensaje * / 00:01:53:000 / top(01) para wanrouter(02)
Mensaje * / 00:01:53:000 / wanrouter(02) para queue3(05)
Mensaje Y / 00:01:53:000 / queue3(05) / out /     15.00000 para wanrouter(02)
Mensaje D / 00:01:53:000 / queue3(05) / ... para wanrouter(02)
Mensaje X / 00:01:53:000 / wanrouter(02) / switchin /     15.00000 para switch3(08)
Mensaje D / 00:01:53:000 / switch3(08) / 00:00:01:000 para wanrouter(02)
Mensaje D / 00:01:53:000 / wanrouter(02) / 00:00:01:000 para top(01)
Mensaje D / 00:01:53:000 / top(01) / 00:00:01:000 para Root(00)
Mensaje * / 00:01:54:000 / Root(00) para top(01)
Mensaje * / 00:01:54:000 / top(01) para wanrouter(02)
Mensaje * / 00:01:54:000 / wanrouter(02) para switch3(08)
Mensaje Y / 00:01:54:000 / switch3(08) / packetsdropped /     15.00000 para wanrouter(02)
Mensaje D / 00:01:54:000 / switch3(08) / ... para wanrouter(02)
Mensaje Y / 00:01:54:000 / wanrouter(02) / packetsdropped /     15.00000 para top(01)
Mensaje X / 00:01:54:000 / wanrouter(02) / done /     15.00000 para queue3(05)
Mensaje Y / 00:01:54:000 / top(01) / packetsdropped /     15.00000 para Root(00)
Mensaje D / 00:01:54:000 / queue3(05) / ... para wanrouter(02)
Mensaje D / 00:01:54:000 / wanrouter(02) / ... para top(01)
Mensaje D / 00:01:54:000 / top(01) / ... para Root(00)
Mensaje X / 00:02:00:000 / Root(00) / routerin3 /     18.00000 para top(01)
Mensaje X / 00:02:00:000 / top(01) / routerin3 /     18.00000 para wanrouter(02)
Mensaje X / 00:02:00:000 / wanrouter(02) / in /     18.00000 para queue3(05)
Mensaje D / 00:02:00:000 / queue3(05) / 00:00:03:000 para wanrouter(02)
Mensaje D / 00:02:00:000 / wanrouter(02) / 00:00:03:000 para top(01)
Mensaje D / 00:02:00:000 / top(01) / 00:00:03:000 para Root(00)
Mensaje * / 00:02:03:000 / Root(00) para top(01)
Mensaje * / 00:02:03:000 / top(01) para wanrouter(02)
Mensaje * / 00:02:03:000 / wanrouter(02) para queue3(05)
Mensaje Y / 00:02:03:000 / queue3(05) / out /     18.00000 para wanrouter(02)
Mensaje D / 00:02:03:000 / queue3(05) / ... para wanrouter(02)
Mensaje X / 00:02:03:000 / wanrouter(02) / switchin /     18.00000 para switch3(08)
Mensaje D / 00:02:03:000 / switch3(08) / 00:00:01:000 para wanrouter(02)
Mensaje D / 00:02:03:000 / wanrouter(02) / 00:00:01:000 para top(01)
Mensaje D / 00:02:03:000 / top(01) / 00:00:01:000 para Root(00)
Mensaje * / 00:02:04:000 / Root(00) para top(01)
Mensaje * / 00:02:04:000 / top(01) para wanrouter(02)
Mensaje * / 00:02:04:000 / wanrouter(02) para switch3(08)
Mensaje Y / 00:02:04:000 / switch3(08) / packetsdropped /     18.00000 para wanrouter(02)
Mensaje D / 00:02:04:000 / switch3(08) / ... para wanrouter(02)
Mensaje Y / 00:02:04:000 / wanrouter(02) / packetsdropped /     18.00000 para top(01)
Mensaje X / 00:02:04:000 / wanrouter(02) / done /     18.00000 para queue3(05)
Mensaje Y / 00:02:04:000 / top(01) / packetsdropped /     18.00000 para Root(00)
Mensaje D / 00:02:04:000 / queue3(05) / ... para wanrouter(02)
Mensaje D / 00:02:04:000 / wanrouter(02) / ... para top(01)
Mensaje D / 00:02:04:000 / top(01) / ... para Root(00)
