Mensaje I / 00:00:00:000 / Root(00) para top(01)
Mensaje I / 00:00:00:000 / top(01) para lanswitch_coupled(02)
Mensaje I / 00:00:00:000 / lanswitch_coupled(02) para queue1(03)
Mensaje I / 00:00:00:000 / lanswitch_coupled(02) para queue2(04)
Mensaje I / 00:00:00:000 / lanswitch_coupled(02) para queue3(05)
Mensaje I / 00:00:00:000 / lanswitch_coupled(02) para queue4(06)
Mensaje I / 00:00:00:000 / lanswitch_coupled(02) para switch1(07)
Mensaje I / 00:00:00:000 / lanswitch_coupled(02) para switch2(08)
Mensaje I / 00:00:00:000 / lanswitch_coupled(02) para switch3(09)
Mensaje I / 00:00:00:000 / lanswitch_coupled(02) para switch4(10)
Mensaje D / 00:00:00:000 / queue1(03) / ... para lanswitch_coupled(02)
Mensaje D / 00:00:00:000 / queue2(04) / ... para lanswitch_coupled(02)
Mensaje D / 00:00:00:000 / queue3(05) / ... para lanswitch_coupled(02)
Mensaje D / 00:00:00:000 / queue4(06) / ... para lanswitch_coupled(02)
Mensaje D / 00:00:00:000 / switch1(07) / 100:40:39:099 para lanswitch_coupled(02)
Mensaje D / 00:00:00:000 / switch2(08) / 100:40:39:099 para lanswitch_coupled(02)
Mensaje D / 00:00:00:000 / switch3(09) / 100:40:39:099 para lanswitch_coupled(02)
Mensaje D / 00:00:00:000 / switch4(10) / 100:40:39:099 para lanswitch_coupled(02)
Mensaje D / 00:00:00:000 / lanswitch_coupled(02) / 100:40:39:099 para top(01)
Mensaje D / 00:00:00:000 / top(01) / 100:40:39:099 para Root(00)
Mensaje X / 00:00:10:000 / Root(00) / switchin1 /      4.00000 para top(01)
Mensaje X / 00:00:10:000 / top(01) / switchin1 /      4.00000 para lanswitch_coupled(02)
Mensaje X / 00:00:10:000 / lanswitch_coupled(02) / in /      4.00000 para queue1(03)
Mensaje D / 00:00:10:000 / queue1(03) / 00:00:03:000 para lanswitch_coupled(02)
Mensaje D / 00:00:10:000 / lanswitch_coupled(02) / 00:00:03:000 para top(01)
Mensaje D / 00:00:10:000 / top(01) / 00:00:03:000 para Root(00)
Mensaje * / 00:00:13:000 / Root(00) para top(01)
Mensaje * / 00:00:13:000 / top(01) para lanswitch_coupled(02)
Mensaje * / 00:00:13:000 / lanswitch_coupled(02) para queue1(03)
Mensaje Y / 00:00:13:000 / queue1(03) / out /      4.00000 para lanswitch_coupled(02)
Mensaje D / 00:00:13:000 / queue1(03) / ... para lanswitch_coupled(02)
Mensaje X / 00:00:13:000 / lanswitch_coupled(02) / switchin /      4.00000 para switch1(07)
Mensaje D / 00:00:13:000 / switch1(07) / 00:00:01:000 para lanswitch_coupled(02)
Mensaje D / 00:00:13:000 / lanswitch_coupled(02) / 00:00:01:000 para top(01)
Mensaje D / 00:00:13:000 / top(01) / 00:00:01:000 para Root(00)
Mensaje * / 00:00:14:000 / Root(00) para top(01)
Mensaje * / 00:00:14:000 / top(01) para lanswitch_coupled(02)
Mensaje * / 00:00:14:000 / lanswitch_coupled(02) para switch1(07)
Mensaje Y / 00:00:14:000 / switch1(07) / gateway /      4.00000 para lanswitch_coupled(02)
Mensaje D / 00:00:14:000 / switch1(07) / ... para lanswitch_coupled(02)
Mensaje Y / 00:00:14:000 / lanswitch_coupled(02) / gateway /      4.00000 para top(01)
Mensaje X / 00:00:14:000 / lanswitch_coupled(02) / done /      4.00000 para queue1(03)
Mensaje Y / 00:00:14:000 / top(01) / gateway /      4.00000 para Root(00)
Mensaje D / 00:00:14:000 / queue1(03) / ... para lanswitch_coupled(02)
Mensaje D / 00:00:14:000 / lanswitch_coupled(02) / 100:40:25:099 para top(01)
Mensaje D / 00:00:14:000 / top(01) / 100:40:25:099 para Root(00)
Mensaje X / 00:00:20:000 / Root(00) / switchin2 /      5.00000 para top(01)
Mensaje X / 00:00:20:000 / top(01) / switchin2 /      5.00000 para lanswitch_coupled(02)
Mensaje X / 00:00:20:000 / lanswitch_coupled(02) / in /      5.00000 para queue2(04)
Mensaje D / 00:00:20:000 / queue2(04) / 00:00:03:000 para lanswitch_coupled(02)
Mensaje D / 00:00:20:000 / lanswitch_coupled(02) / 00:00:03:000 para top(01)
Mensaje D / 00:00:20:000 / top(01) / 00:00:03:000 para Root(00)
Mensaje * / 00:00:23:000 / Root(00) para top(01)
Mensaje * / 00:00:23:000 / top(01) para lanswitch_coupled(02)
Mensaje * / 00:00:23:000 / lanswitch_coupled(02) para queue2(04)
Mensaje Y / 00:00:23:000 / queue2(04) / out /      5.00000 para lanswitch_coupled(02)
Mensaje D / 00:00:23:000 / queue2(04) / ... para lanswitch_coupled(02)
Mensaje X / 00:00:23:000 / lanswitch_coupled(02) / switchin /      5.00000 para switch2(08)
Mensaje D / 00:00:23:000 / switch2(08) / 00:00:01:000 para lanswitch_coupled(02)
Mensaje D / 00:00:23:000 / lanswitch_coupled(02) / 00:00:01:000 para top(01)
Mensaje D / 00:00:23:000 / top(01) / 00:00:01:000 para Root(00)
Mensaje * / 00:00:24:000 / Root(00) para top(01)
Mensaje * / 00:00:24:000 / top(01) para lanswitch_coupled(02)
Mensaje * / 00:00:24:000 / lanswitch_coupled(02) para switch2(08)
Mensaje Y / 00:00:24:000 / switch2(08) / gateway /      5.00000 para lanswitch_coupled(02)
Mensaje D / 00:00:24:000 / switch2(08) / ... para lanswitch_coupled(02)
Mensaje Y / 00:00:24:000 / lanswitch_coupled(02) / gateway /      5.00000 para top(01)
Mensaje X / 00:00:24:000 / lanswitch_coupled(02) / done /      5.00000 para queue2(04)
Mensaje Y / 00:00:24:000 / top(01) / gateway /      5.00000 para Root(00)
Mensaje D / 00:00:24:000 / queue2(04) / ... para lanswitch_coupled(02)
Mensaje D / 00:00:24:000 / lanswitch_coupled(02) / 100:40:15:099 para top(01)
Mensaje D / 00:00:24:000 / top(01) / 100:40:15:099 para Root(00)
Mensaje X / 00:00:30:000 / Root(00) / switchin3 /      6.00000 para top(01)
Mensaje X / 00:00:30:000 / top(01) / switchin3 /      6.00000 para lanswitch_coupled(02)
Mensaje X / 00:00:30:000 / lanswitch_coupled(02) / in /      6.00000 para queue3(05)
Mensaje D / 00:00:30:000 / queue3(05) / 00:00:03:000 para lanswitch_coupled(02)
Mensaje D / 00:00:30:000 / lanswitch_coupled(02) / 00:00:03:000 para top(01)
Mensaje D / 00:00:30:000 / top(01) / 00:00:03:000 para Root(00)
Mensaje * / 00:00:33:000 / Root(00) para top(01)
Mensaje * / 00:00:33:000 / top(01) para lanswitch_coupled(02)
Mensaje * / 00:00:33:000 / lanswitch_coupled(02) para queue3(05)
Mensaje Y / 00:00:33:000 / queue3(05) / out /      6.00000 para lanswitch_coupled(02)
Mensaje D / 00:00:33:000 / queue3(05) / ... para lanswitch_coupled(02)
Mensaje X / 00:00:33:000 / lanswitch_coupled(02) / switchin /      6.00000 para switch3(09)
Mensaje D / 00:00:33:000 / switch3(09) / 00:00:01:000 para lanswitch_coupled(02)
Mensaje D / 00:00:33:000 / lanswitch_coupled(02) / 00:00:01:000 para top(01)
Mensaje D / 00:00:33:000 / top(01) / 00:00:01:000 para Root(00)
Mensaje * / 00:00:34:000 / Root(00) para top(01)
Mensaje * / 00:00:34:000 / top(01) para lanswitch_coupled(02)
Mensaje * / 00:00:34:000 / lanswitch_coupled(02) para switch3(09)
Mensaje Y / 00:00:34:000 / switch3(09) / gateway /      6.00000 para lanswitch_coupled(02)
Mensaje D / 00:00:34:000 / switch3(09) / ... para lanswitch_coupled(02)
Mensaje Y / 00:00:34:000 / lanswitch_coupled(02) / gateway /      6.00000 para top(01)
Mensaje X / 00:00:34:000 / lanswitch_coupled(02) / done /      6.00000 para queue3(05)
Mensaje Y / 00:00:34:000 / top(01) / gateway /      6.00000 para Root(00)
Mensaje D / 00:00:34:000 / queue3(05) / ... para lanswitch_coupled(02)
Mensaje D / 00:00:34:000 / lanswitch_coupled(02) / 100:40:05:099 para top(01)
Mensaje D / 00:00:34:000 / top(01) / 100:40:05:099 para Root(00)
Mensaje X / 00:00:40:000 / Root(00) / switchin4 /      1.00000 para top(01)
Mensaje X / 00:00:40:000 / top(01) / switchin4 /      1.00000 para lanswitch_coupled(02)
Mensaje X / 00:00:40:000 / lanswitch_coupled(02) / in /      1.00000 para queue4(06)
Mensaje D / 00:00:40:000 / queue4(06) / 00:00:03:000 para lanswitch_coupled(02)
Mensaje D / 00:00:40:000 / lanswitch_coupled(02) / 00:00:03:000 para top(01)
Mensaje D / 00:00:40:000 / top(01) / 00:00:03:000 para Root(00)
Mensaje * / 00:00:43:000 / Root(00) para top(01)
Mensaje * / 00:00:43:000 / top(01) para lanswitch_coupled(02)
Mensaje * / 00:00:43:000 / lanswitch_coupled(02) para queue4(06)
Mensaje Y / 00:00:43:000 / queue4(06) / out /      1.00000 para lanswitch_coupled(02)
Mensaje D / 00:00:43:000 / queue4(06) / ... para lanswitch_coupled(02)
Mensaje X / 00:00:43:000 / lanswitch_coupled(02) / switchin /      1.00000 para switch4(10)
Mensaje D / 00:00:43:000 / switch4(10) / 00:00:01:000 para lanswitch_coupled(02)
Mensaje D / 00:00:43:000 / lanswitch_coupled(02) / 00:00:01:000 para top(01)
Mensaje D / 00:00:43:000 / top(01) / 00:00:01:000 para Root(00)
Mensaje * / 00:00:44:000 / Root(00) para top(01)
Mensaje * / 00:00:44:000 / top(01) para lanswitch_coupled(02)
Mensaje * / 00:00:44:000 / lanswitch_coupled(02) para switch4(10)
Mensaje Y / 00:00:44:000 / switch4(10) / switchout1 /      1.00000 para lanswitch_coupled(02)
Mensaje D / 00:00:44:000 / switch4(10) / ... para lanswitch_coupled(02)
Mensaje Y / 00:00:44:000 / lanswitch_coupled(02) / switchout1 /      1.00000 para top(01)
Mensaje X / 00:00:44:000 / lanswitch_coupled(02) / done /      1.00000 para queue4(06)
Mensaje Y / 00:00:44:000 / top(01) / switchout1 /      1.00000 para Root(00)
Mensaje D / 00:00:44:000 / queue4(06) / ... para lanswitch_coupled(02)
Mensaje D / 00:00:44:000 / lanswitch_coupled(02) / ... para top(01)
Mensaje D / 00:00:44:000 / top(01) / ... para Root(00)
Mensaje X / 00:00:50:000 / Root(00) / switchin1 /      7.00000 para top(01)
Mensaje X / 00:00:50:000 / top(01) / switchin1 /      7.00000 para lanswitch_coupled(02)
Mensaje X / 00:00:50:000 / lanswitch_coupled(02) / in /      7.00000 para queue1(03)
Mensaje D / 00:00:50:000 / queue1(03) / 00:00:03:000 para lanswitch_coupled(02)
Mensaje D / 00:00:50:000 / lanswitch_coupled(02) / 00:00:03:000 para top(01)
Mensaje D / 00:00:50:000 / top(01) / 00:00:03:000 para Root(00)
Mensaje * / 00:00:53:000 / Root(00) para top(01)
Mensaje * / 00:00:53:000 / top(01) para lanswitch_coupled(02)
Mensaje * / 00:00:53:000 / lanswitch_coupled(02) para queue1(03)
Mensaje Y / 00:00:53:000 / queue1(03) / out /      7.00000 para lanswitch_coupled(02)
Mensaje D / 00:00:53:000 / queue1(03) / ... para lanswitch_coupled(02)
Mensaje X / 00:00:53:000 / lanswitch_coupled(02) / switchin /      7.00000 para switch1(07)
Mensaje D / 00:00:53:000 / switch1(07) / 00:00:01:000 para lanswitch_coupled(02)
Mensaje D / 00:00:53:000 / lanswitch_coupled(02) / 00:00:01:000 para top(01)
Mensaje D / 00:00:53:000 / top(01) / 00:00:01:000 para Root(00)
Mensaje * / 00:00:54:000 / Root(00) para top(01)
Mensaje * / 00:00:54:000 / top(01) para lanswitch_coupled(02)
Mensaje * / 00:00:54:000 / lanswitch_coupled(02) para switch1(07)
Mensaje Y / 00:00:54:000 / switch1(07) / gateway /      7.00000 para lanswitch_coupled(02)
Mensaje D / 00:00:54:000 / switch1(07) / ... para lanswitch_coupled(02)
Mensaje Y / 00:00:54:000 / lanswitch_coupled(02) / gateway /      7.00000 para top(01)
Mensaje X / 00:00:54:000 / lanswitch_coupled(02) / done /      7.00000 para queue1(03)
Mensaje Y / 00:00:54:000 / top(01) / gateway /      7.00000 para Root(00)
Mensaje D / 00:00:54:000 / queue1(03) / ... para lanswitch_coupled(02)
Mensaje D / 00:00:54:000 / lanswitch_coupled(02) / ... para top(01)
Mensaje D / 00:00:54:000 / top(01) / ... para Root(00)
Mensaje X / 00:01:00:000 / Root(00) / switchin2 /      8.00000 para top(01)
Mensaje X / 00:01:00:000 / top(01) / switchin2 /      8.00000 para lanswitch_coupled(02)
Mensaje X / 00:01:00:000 / lanswitch_coupled(02) / in /      8.00000 para queue2(04)
Mensaje D / 00:01:00:000 / queue2(04) / 00:00:03:000 para lanswitch_coupled(02)
Mensaje D / 00:01:00:000 / lanswitch_coupled(02) / 00:00:03:000 para top(01)
Mensaje D / 00:01:00:000 / top(01) / 00:00:03:000 para Root(00)
Mensaje * / 00:01:03:000 / Root(00) para top(01)
Mensaje * / 00:01:03:000 / top(01) para lanswitch_coupled(02)
Mensaje * / 00:01:03:000 / lanswitch_coupled(02) para queue2(04)
Mensaje Y / 00:01:03:000 / queue2(04) / out /      8.00000 para lanswitch_coupled(02)
Mensaje D / 00:01:03:000 / queue2(04) / ... para lanswitch_coupled(02)
Mensaje X / 00:01:03:000 / lanswitch_coupled(02) / switchin /      8.00000 para switch2(08)
Mensaje D / 00:01:03:000 / switch2(08) / 00:00:01:000 para lanswitch_coupled(02)
Mensaje D / 00:01:03:000 / lanswitch_coupled(02) / 00:00:01:000 para top(01)
Mensaje D / 00:01:03:000 / top(01) / 00:00:01:000 para Root(00)
Mensaje * / 00:01:04:000 / Root(00) para top(01)
Mensaje * / 00:01:04:000 / top(01) para lanswitch_coupled(02)
Mensaje * / 00:01:04:000 / lanswitch_coupled(02) para switch2(08)
Mensaje Y / 00:01:04:000 / switch2(08) / gateway /      8.00000 para lanswitch_coupled(02)
Mensaje D / 00:01:04:000 / switch2(08) / ... para lanswitch_coupled(02)
Mensaje Y / 00:01:04:000 / lanswitch_coupled(02) / gateway /      8.00000 para top(01)
Mensaje X / 00:01:04:000 / lanswitch_coupled(02) / done /      8.00000 para queue2(04)
Mensaje Y / 00:01:04:000 / top(01) / gateway /      8.00000 para Root(00)
Mensaje D / 00:01:04:000 / queue2(04) / ... para lanswitch_coupled(02)
Mensaje D / 00:01:04:000 / lanswitch_coupled(02) / ... para top(01)
Mensaje D / 00:01:04:000 / top(01) / ... para Root(00)
Mensaje X / 00:01:10:000 / Root(00) / switchin3 /      9.00000 para top(01)
Mensaje X / 00:01:10:000 / top(01) / switchin3 /      9.00000 para lanswitch_coupled(02)
Mensaje X / 00:01:10:000 / lanswitch_coupled(02) / in /      9.00000 para queue3(05)
Mensaje D / 00:01:10:000 / queue3(05) / 00:00:03:000 para lanswitch_coupled(02)
Mensaje D / 00:01:10:000 / lanswitch_coupled(02) / 00:00:03:000 para top(01)
Mensaje D / 00:01:10:000 / top(01) / 00:00:03:000 para Root(00)
Mensaje * / 00:01:13:000 / Root(00) para top(01)
Mensaje * / 00:01:13:000 / top(01) para lanswitch_coupled(02)
Mensaje * / 00:01:13:000 / lanswitch_coupled(02) para queue3(05)
Mensaje Y / 00:01:13:000 / queue3(05) / out /      9.00000 para lanswitch_coupled(02)
Mensaje D / 00:01:13:000 / queue3(05) / ... para lanswitch_coupled(02)
Mensaje X / 00:01:13:000 / lanswitch_coupled(02) / switchin /      9.00000 para switch3(09)
Mensaje D / 00:01:13:000 / switch3(09) / 00:00:01:000 para lanswitch_coupled(02)
Mensaje D / 00:01:13:000 / lanswitch_coupled(02) / 00:00:01:000 para top(01)
Mensaje D / 00:01:13:000 / top(01) / 00:00:01:000 para Root(00)
Mensaje * / 00:01:14:000 / Root(00) para top(01)
Mensaje * / 00:01:14:000 / top(01) para lanswitch_coupled(02)
Mensaje * / 00:01:14:000 / lanswitch_coupled(02) para switch3(09)
Mensaje Y / 00:01:14:000 / switch3(09) / gateway /      9.00000 para lanswitch_coupled(02)
Mensaje D / 00:01:14:000 / switch3(09) / ... para lanswitch_coupled(02)
Mensaje Y / 00:01:14:000 / lanswitch_coupled(02) / gateway /      9.00000 para top(01)
Mensaje X / 00:01:14:000 / lanswitch_coupled(02) / done /      9.00000 para queue3(05)
Mensaje Y / 00:01:14:000 / top(01) / gateway /      9.00000 para Root(00)
Mensaje D / 00:01:14:000 / queue3(05) / ... para lanswitch_coupled(02)
Mensaje D / 00:01:14:000 / lanswitch_coupled(02) / ... para top(01)
Mensaje D / 00:01:14:000 / top(01) / ... para Root(00)
Mensaje X / 00:01:20:000 / Root(00) / switchin4 /      2.00000 para top(01)
Mensaje X / 00:01:20:000 / top(01) / switchin4 /      2.00000 para lanswitch_coupled(02)
Mensaje X / 00:01:20:000 / lanswitch_coupled(02) / in /      2.00000 para queue4(06)
Mensaje D / 00:01:20:000 / queue4(06) / 00:00:03:000 para lanswitch_coupled(02)
Mensaje D / 00:01:20:000 / lanswitch_coupled(02) / 00:00:03:000 para top(01)
Mensaje D / 00:01:20:000 / top(01) / 00:00:03:000 para Root(00)
Mensaje * / 00:01:23:000 / Root(00) para top(01)
Mensaje * / 00:01:23:000 / top(01) para lanswitch_coupled(02)
Mensaje * / 00:01:23:000 / lanswitch_coupled(02) para queue4(06)
Mensaje Y / 00:01:23:000 / queue4(06) / out /      2.00000 para lanswitch_coupled(02)
Mensaje D / 00:01:23:000 / queue4(06) / ... para lanswitch_coupled(02)
Mensaje X / 00:01:23:000 / lanswitch_coupled(02) / switchin /      2.00000 para switch4(10)
Mensaje D / 00:01:23:000 / switch4(10) / 00:00:01:000 para lanswitch_coupled(02)
Mensaje D / 00:01:23:000 / lanswitch_coupled(02) / 00:00:01:000 para top(01)
Mensaje D / 00:01:23:000 / top(01) / 00:00:01:000 para Root(00)
Mensaje * / 00:01:24:000 / Root(00) para top(01)
Mensaje * / 00:01:24:000 / top(01) para lanswitch_coupled(02)
Mensaje * / 00:01:24:000 / lanswitch_coupled(02) para switch4(10)
Mensaje Y / 00:01:24:000 / switch4(10) / switchout2 /      2.00000 para lanswitch_coupled(02)
Mensaje D / 00:01:24:000 / switch4(10) / ... para lanswitch_coupled(02)
Mensaje Y / 00:01:24:000 / lanswitch_coupled(02) / switchou2 /      2.00000 para top(01)
Mensaje X / 00:01:24:000 / lanswitch_coupled(02) / done /      2.00000 para queue4(06)
Mensaje Y / 00:01:24:000 / top(01) / switchout2 /      2.00000 para Root(00)
Mensaje D / 00:01:24:000 / queue4(06) / ... para lanswitch_coupled(02)
Mensaje D / 00:01:24:000 / lanswitch_coupled(02) / ... para top(01)
Mensaje D / 00:01:24:000 / top(01) / ... para Root(00)
Mensaje X / 00:01:30:000 / Root(00) / switchin4 /      3.00000 para top(01)
Mensaje X / 00:01:30:000 / top(01) / switchin4 /      3.00000 para lanswitch_coupled(02)
Mensaje X / 00:01:30:000 / lanswitch_coupled(02) / in /      3.00000 para queue4(06)
Mensaje D / 00:01:30:000 / queue4(06) / 00:00:03:000 para lanswitch_coupled(02)
Mensaje D / 00:01:30:000 / lanswitch_coupled(02) / 00:00:03:000 para top(01)
Mensaje D / 00:01:30:000 / top(01) / 00:00:03:000 para Root(00)
Mensaje * / 00:01:33:000 / Root(00) para top(01)
Mensaje * / 00:01:33:000 / top(01) para lanswitch_coupled(02)
Mensaje * / 00:01:33:000 / lanswitch_coupled(02) para queue4(06)
Mensaje Y / 00:01:33:000 / queue4(06) / out /      3.00000 para lanswitch_coupled(02)
Mensaje D / 00:01:33:000 / queue4(06) / ... para lanswitch_coupled(02)
Mensaje X / 00:01:33:000 / lanswitch_coupled(02) / switchin /      3.00000 para switch4(10)
Mensaje D / 00:01:33:000 / switch4(10) / 00:00:01:000 para lanswitch_coupled(02)
Mensaje D / 00:01:33:000 / lanswitch_coupled(02) / 00:00:01:000 para top(01)
Mensaje D / 00:01:33:000 / top(01) / 00:00:01:000 para Root(00)
Mensaje * / 00:01:34:000 / Root(00) para top(01)
Mensaje * / 00:01:34:000 / top(01) para lanswitch_coupled(02)
Mensaje * / 00:01:34:000 / lanswitch_coupled(02) para switch4(10)
Mensaje Y / 00:01:34:000 / switch4(10) / switchout3 /      3.00000 para lanswitch_coupled(02)
Mensaje D / 00:01:34:000 / switch4(10) / ... para lanswitch_coupled(02)
Mensaje Y / 00:01:34:000 / lanswitch_coupled(02) / switchout3 /      3.00000 para top(01)
Mensaje X / 00:01:34:000 / lanswitch_coupled(02) / done /      3.00000 para queue4(06)
Mensaje Y / 00:01:34:000 / top(01) / switchout3 /      3.00000 para Root(00)
Mensaje D / 00:01:34:000 / queue4(06) / ... para lanswitch_coupled(02)
Mensaje D / 00:01:34:000 / lanswitch_coupled(02) / ... para top(01)
Mensaje D / 00:01:34:000 / top(01) / ... para Root(00)
Mensaje X / 00:01:40:000 / Root(00) / switchin2 /      3.00000 para top(01)
Mensaje X / 00:01:40:000 / top(01) / switchin2 /      3.00000 para lanswitch_coupled(02)
Mensaje X / 00:01:40:000 / lanswitch_coupled(02) / in /      3.00000 para queue2(04)
Mensaje D / 00:01:40:000 / queue2(04) / 00:00:03:000 para lanswitch_coupled(02)
Mensaje D / 00:01:40:000 / lanswitch_coupled(02) / 00:00:03:000 para top(01)
Mensaje D / 00:01:40:000 / top(01) / 00:00:03:000 para Root(00)
Mensaje * / 00:01:43:000 / Root(00) para top(01)
Mensaje * / 00:01:43:000 / top(01) para lanswitch_coupled(02)
Mensaje * / 00:01:43:000 / lanswitch_coupled(02) para queue2(04)
Mensaje Y / 00:01:43:000 / queue2(04) / out /      3.00000 para lanswitch_coupled(02)
Mensaje D / 00:01:43:000 / queue2(04) / ... para lanswitch_coupled(02)
Mensaje X / 00:01:43:000 / lanswitch_coupled(02) / switchin /      3.00000 para switch2(08)
Mensaje D / 00:01:43:000 / switch2(08) / 00:00:01:000 para lanswitch_coupled(02)
Mensaje D / 00:01:43:000 / lanswitch_coupled(02) / 00:00:01:000 para top(01)
Mensaje D / 00:01:43:000 / top(01) / 00:00:01:000 para Root(00)
Mensaje * / 00:01:44:000 / Root(00) para top(01)
Mensaje * / 00:01:44:000 / top(01) para lanswitch_coupled(02)
Mensaje * / 00:01:44:000 / lanswitch_coupled(02) para switch2(08)
Mensaje Y / 00:01:44:000 / switch2(08) / switchout3 /      3.00000 para lanswitch_coupled(02)
Mensaje D / 00:01:44:000 / switch2(08) / ... para lanswitch_coupled(02)
Mensaje Y / 00:01:44:000 / lanswitch_coupled(02) / switchout3 /      3.00000 para top(01)
Mensaje X / 00:01:44:000 / lanswitch_coupled(02) / done /      3.00000 para queue2(04)
Mensaje Y / 00:01:44:000 / top(01) / switchout3 /      3.00000 para Root(00)
Mensaje D / 00:01:44:000 / queue2(04) / ... para lanswitch_coupled(02)
Mensaje D / 00:01:44:000 / lanswitch_coupled(02) / ... para top(01)
Mensaje D / 00:01:44:000 / top(01) / ... para Root(00)
Mensaje X / 00:01:50:000 / Root(00) / switchin3 /      1.00000 para top(01)
Mensaje X / 00:01:50:000 / top(01) / switchin3 /      1.00000 para lanswitch_coupled(02)
Mensaje X / 00:01:50:000 / lanswitch_coupled(02) / in /      1.00000 para queue3(05)
Mensaje D / 00:01:50:000 / queue3(05) / 00:00:03:000 para lanswitch_coupled(02)
Mensaje D / 00:01:50:000 / lanswitch_coupled(02) / 00:00:03:000 para top(01)
Mensaje D / 00:01:50:000 / top(01) / 00:00:03:000 para Root(00)
Mensaje * / 00:01:53:000 / Root(00) para top(01)
Mensaje * / 00:01:53:000 / top(01) para lanswitch_coupled(02)
Mensaje * / 00:01:53:000 / lanswitch_coupled(02) para queue3(05)
Mensaje Y / 00:01:53:000 / queue3(05) / out /      1.00000 para lanswitch_coupled(02)
Mensaje D / 00:01:53:000 / queue3(05) / ... para lanswitch_coupled(02)
Mensaje X / 00:01:53:000 / lanswitch_coupled(02) / switchin /      1.00000 para switch3(09)
Mensaje D / 00:01:53:000 / switch3(09) / 00:00:01:000 para lanswitch_coupled(02)
Mensaje D / 00:01:53:000 / lanswitch_coupled(02) / 00:00:01:000 para top(01)
Mensaje D / 00:01:53:000 / top(01) / 00:00:01:000 para Root(00)
Mensaje * / 00:01:54:000 / Root(00) para top(01)
Mensaje * / 00:01:54:000 / top(01) para lanswitch_coupled(02)
Mensaje * / 00:01:54:000 / lanswitch_coupled(02) para switch3(09)
Mensaje Y / 00:01:54:000 / switch3(09) / switchout1 /      1.00000 para lanswitch_coupled(02)
Mensaje D / 00:01:54:000 / switch3(09) / ... para lanswitch_coupled(02)
Mensaje Y / 00:01:54:000 / lanswitch_coupled(02) / switchout1 /      1.00000 para top(01)
Mensaje X / 00:01:54:000 / lanswitch_coupled(02) / done /      1.00000 para queue3(05)
Mensaje Y / 00:01:54:000 / top(01) / switchout1 /      1.00000 para Root(00)
Mensaje D / 00:01:54:000 / queue3(05) / ... para lanswitch_coupled(02)
Mensaje D / 00:01:54:000 / lanswitch_coupled(02) / ... para top(01)
Mensaje D / 00:01:54:000 / top(01) / ... para Root(00)
Mensaje X / 00:02:00:000 / Root(00) / switchin1 /      2.00000 para top(01)
Mensaje X / 00:02:00:000 / top(01) / switchin1 /      2.00000 para lanswitch_coupled(02)
Mensaje X / 00:02:00:000 / lanswitch_coupled(02) / in /      2.00000 para queue1(03)
Mensaje D / 00:02:00:000 / queue1(03) / 00:00:03:000 para lanswitch_coupled(02)
Mensaje D / 00:02:00:000 / lanswitch_coupled(02) / 00:00:03:000 para top(01)
Mensaje D / 00:02:00:000 / top(01) / 00:00:03:000 para Root(00)
Mensaje * / 00:02:03:000 / Root(00) para top(01)
Mensaje * / 00:02:03:000 / top(01) para lanswitch_coupled(02)
Mensaje * / 00:02:03:000 / lanswitch_coupled(02) para queue1(03)
Mensaje Y / 00:02:03:000 / queue1(03) / out /      2.00000 para lanswitch_coupled(02)
Mensaje D / 00:02:03:000 / queue1(03) / ... para lanswitch_coupled(02)
Mensaje X / 00:02:03:000 / lanswitch_coupled(02) / switchin /      2.00000 para switch1(07)
Mensaje D / 00:02:03:000 / switch1(07) / 00:00:01:000 para lanswitch_coupled(02)
Mensaje D / 00:02:03:000 / lanswitch_coupled(02) / 00:00:01:000 para top(01)
Mensaje D / 00:02:03:000 / top(01) / 00:00:01:000 para Root(00)
Mensaje * / 00:02:04:000 / Root(00) para top(01)
Mensaje * / 00:02:04:000 / top(01) para lanswitch_coupled(02)
Mensaje * / 00:02:04:000 / lanswitch_coupled(02) para switch1(07)
Mensaje Y / 00:02:04:000 / switch1(07) / switchout2 /      2.00000 para lanswitch_coupled(02)
Mensaje D / 00:02:04:000 / switch1(07) / ... para lanswitch_coupled(02)
Mensaje Y / 00:02:04:000 / lanswitch_coupled(02) / switchou2 /      2.00000 para top(01)
Mensaje X / 00:02:04:000 / lanswitch_coupled(02) / done /      2.00000 para queue1(03)
Mensaje Y / 00:02:04:000 / top(01) / switchout2 /      2.00000 para Root(00)
Mensaje D / 00:02:04:000 / queue1(03) / ... para lanswitch_coupled(02)
Mensaje D / 00:02:04:000 / lanswitch_coupled(02) / ... para top(01)
Mensaje D / 00:02:04:000 / top(01) / ... para Root(00)
