Mensaje I / 00:00:00:000 / Root(00) para top(01)
Mensaje I / 00:00:00:000 / top(01) para wan(02)
Mensaje I / 00:00:00:000 / wan(02) para wanrouter1(03)
Mensaje I / 00:00:00:000 / wan(02) para wanrouter2(10)
Mensaje I / 00:00:00:000 / wan(02) para wanrouter3(17)
Mensaje I / 00:00:00:000 / wanrouter1(03) para queue1(04)
Mensaje I / 00:00:00:000 / wanrouter1(03) para queue2(05)
Mensaje I / 00:00:00:000 / wanrouter1(03) para queue3(06)
Mensaje I / 00:00:00:000 / wanrouter1(03) para switch1(07)
Mensaje I / 00:00:00:000 / wanrouter1(03) para switch2(08)
Mensaje I / 00:00:00:000 / wanrouter1(03) para switch3(09)
Mensaje I / 00:00:00:000 / wanrouter2(10) para queue4(11)
Mensaje I / 00:00:00:000 / wanrouter2(10) para queue5(12)
Mensaje I / 00:00:00:000 / wanrouter2(10) para queue6(13)
Mensaje I / 00:00:00:000 / wanrouter2(10) para switch4(14)
Mensaje I / 00:00:00:000 / wanrouter2(10) para switch5(15)
Mensaje I / 00:00:00:000 / wanrouter2(10) para switch6(16)
Mensaje I / 00:00:00:000 / wanrouter3(17) para queue7(18)
Mensaje I / 00:00:00:000 / wanrouter3(17) para queue8(19)
Mensaje I / 00:00:00:000 / wanrouter3(17) para queue9(20)
Mensaje I / 00:00:00:000 / wanrouter3(17) para switch7(21)
Mensaje I / 00:00:00:000 / wanrouter3(17) para switch8(22)
Mensaje I / 00:00:00:000 / wanrouter3(17) para switch9(23)
Mensaje D / 00:00:00:000 / queue1(04) / ... para wanrouter1(03)
Mensaje D / 00:00:00:000 / queue2(05) / ... para wanrouter1(03)
Mensaje D / 00:00:00:000 / queue3(06) / ... para wanrouter1(03)
Mensaje D / 00:00:00:000 / switch1(07) / 100:40:39:099 para wanrouter1(03)
Mensaje D / 00:00:00:000 / switch2(08) / 100:40:39:099 para wanrouter1(03)
Mensaje D / 00:00:00:000 / switch3(09) / 100:40:39:099 para wanrouter1(03)
Mensaje D / 00:00:00:000 / queue4(11) / ... para wanrouter2(10)
Mensaje D / 00:00:00:000 / queue5(12) / ... para wanrouter2(10)
Mensaje D / 00:00:00:000 / queue6(13) / ... para wanrouter2(10)
Mensaje D / 00:00:00:000 / switch4(14) / 100:40:39:099 para wanrouter2(10)
Mensaje D / 00:00:00:000 / switch5(15) / 100:40:39:099 para wanrouter2(10)
Mensaje D / 00:00:00:000 / switch6(16) / 100:40:39:099 para wanrouter2(10)
Mensaje D / 00:00:00:000 / queue7(18) / ... para wanrouter3(17)
Mensaje D / 00:00:00:000 / queue8(19) / ... para wanrouter3(17)
Mensaje D / 00:00:00:000 / queue9(20) / ... para wanrouter3(17)
Mensaje D / 00:00:00:000 / switch7(21) / 100:40:39:099 para wanrouter3(17)
Mensaje D / 00:00:00:000 / switch8(22) / 100:40:39:099 para wanrouter3(17)
Mensaje D / 00:00:00:000 / switch9(23) / 100:40:39:099 para wanrouter3(17)
Mensaje D / 00:00:00:000 / wanrouter1(03) / 100:40:39:099 para wan(02)
Mensaje D / 00:00:00:000 / wanrouter2(10) / 100:40:39:099 para wan(02)
Mensaje D / 00:00:00:000 / wanrouter3(17) / 100:40:39:099 para wan(02)
Mensaje D / 00:00:00:000 / wan(02) / 100:40:39:099 para top(01)
Mensaje D / 00:00:00:000 / top(01) / 100:40:39:099 para Root(00)
Mensaje X / 00:00:10:000 / Root(00) / wanin1 /      4.00000 para top(01)
Mensaje X / 00:00:10:000 / top(01) / wanin1 /      4.00000 para wan(02)
Mensaje X / 00:00:10:000 / wan(02) / routerin1 /      4.00000 para wanrouter1(03)
Mensaje X / 00:00:10:000 / wanrouter1(03) / in /      4.00000 para queue1(04)
Mensaje D / 00:00:10:000 / queue1(04) / 00:00:01:000 para wanrouter1(03)
Mensaje D / 00:00:10:000 / wanrouter1(03) / 00:00:01:000 para wan(02)
Mensaje D / 00:00:10:000 / wan(02) / 00:00:01:000 para top(01)
Mensaje D / 00:00:10:000 / top(01) / 00:00:01:000 para Root(00)
Mensaje * / 00:00:11:000 / Root(00) para top(01)
Mensaje * / 00:00:11:000 / top(01) para wan(02)
Mensaje * / 00:00:11:000 / wan(02) para wanrouter1(03)
Mensaje * / 00:00:11:000 / wanrouter1(03) para queue1(04)
Mensaje Y / 00:00:11:000 / queue1(04) / out /      4.00000 para wanrouter1(03)
Mensaje D / 00:00:11:000 / queue1(04) / ... para wanrouter1(03)
Mensaje X / 00:00:11:000 / wanrouter1(03) / switchin /      4.00000 para switch1(07)
Mensaje D / 00:00:11:000 / switch1(07) / 00:00:01:000 para wanrouter1(03)
Mensaje D / 00:00:11:000 / wanrouter1(03) / 00:00:01:000 para wan(02)
Mensaje D / 00:00:11:000 / wan(02) / 00:00:01:000 para top(01)
Mensaje D / 00:00:11:000 / top(01) / 00:00:01:000 para Root(00)
Mensaje * / 00:00:12:000 / Root(00) para top(01)
Mensaje * / 00:00:12:000 / top(01) para wan(02)
Mensaje * / 00:00:12:000 / wan(02) para wanrouter1(03)
Mensaje * / 00:00:12:000 / wanrouter1(03) para switch1(07)
Mensaje Y / 00:00:12:000 / switch1(07) / switchout2 /      4.00000 para wanrouter1(03)
Mensaje D / 00:00:12:000 / switch1(07) / ... para wanrouter1(03)
Mensaje Y / 00:00:12:000 / wanrouter1(03) / routerout2 /      4.00000 para wan(02)
Mensaje X / 00:00:12:000 / wanrouter1(03) / done /      4.00000 para queue1(04)
Mensaje X / 00:00:12:000 / wan(02) / routerin2 /      4.00000 para wanrouter2(10)
Mensaje D / 00:00:12:000 / queue1(04) / ... para wanrouter1(03)
Mensaje X / 00:00:12:000 / wanrouter2(10) / in /      4.00000 para queue5(12)
Mensaje D / 00:00:12:000 / wanrouter1(03) / 100:40:27:099 para wan(02)
Mensaje D / 00:00:12:000 / queue5(12) / 00:00:01:000 para wanrouter2(10)
Mensaje D / 00:00:12:000 / wanrouter2(10) / 00:00:01:000 para wan(02)
Mensaje D / 00:00:12:000 / wan(02) / 00:00:01:000 para top(01)
Mensaje D / 00:00:12:000 / top(01) / 00:00:01:000 para Root(00)
Mensaje * / 00:00:13:000 / Root(00) para top(01)
Mensaje * / 00:00:13:000 / top(01) para wan(02)
Mensaje * / 00:00:13:000 / wan(02) para wanrouter2(10)
Mensaje * / 00:00:13:000 / wanrouter2(10) para queue5(12)
Mensaje Y / 00:00:13:000 / queue5(12) / out /      4.00000 para wanrouter2(10)
Mensaje D / 00:00:13:000 / queue5(12) / ... para wanrouter2(10)
Mensaje X / 00:00:13:000 / wanrouter2(10) / switchin /      4.00000 para switch5(15)
Mensaje D / 00:00:13:000 / switch5(15) / 00:00:01:000 para wanrouter2(10)
Mensaje D / 00:00:13:000 / wanrouter2(10) / 00:00:01:000 para wan(02)
Mensaje D / 00:00:13:000 / wan(02) / 00:00:01:000 para top(01)
Mensaje D / 00:00:13:000 / top(01) / 00:00:01:000 para Root(00)
Mensaje * / 00:00:14:000 / Root(00) para top(01)
Mensaje * / 00:00:14:000 / top(01) para wan(02)
Mensaje * / 00:00:14:000 / wan(02) para wanrouter2(10)
Mensaje * / 00:00:14:000 / wanrouter2(10) para switch5(15)
Mensaje Y / 00:00:14:000 / switch5(15) / switchout1 /      4.00000 para wanrouter2(10)
Mensaje D / 00:00:14:000 / switch5(15) / ... para wanrouter2(10)
Mensaje Y / 00:00:14:000 / wanrouter2(10) / routerout1 /      4.00000 para wan(02)
Mensaje X / 00:00:14:000 / wanrouter2(10) / done /      4.00000 para queue5(12)
Mensaje Y / 00:00:14:000 / wan(02) / wanout2 /      4.00000 para top(01)
Mensaje D / 00:00:14:000 / queue5(12) / ... para wanrouter2(10)
Mensaje Y / 00:00:14:000 / top(01) / wanout2 /      4.00000 para Root(00)
Mensaje D / 00:00:14:000 / wanrouter2(10) / 100:40:25:099 para wan(02)
Mensaje D / 00:00:14:000 / wan(02) / 100:40:25:099 para top(01)
Mensaje D / 00:00:14:000 / top(01) / 100:40:25:099 para Root(00)
Mensaje X / 00:00:20:000 / Root(00) / wanin2 /      1.00000 para top(01)
Mensaje X / 00:00:20:000 / top(01) / wanin2 /      1.00000 para wan(02)
Mensaje X / 00:00:20:000 / wan(02) / routerin1 /      1.00000 para wanrouter2(10)
Mensaje X / 00:00:20:000 / wanrouter2(10) / in /      1.00000 para queue4(11)
Mensaje D / 00:00:20:000 / queue4(11) / 00:00:01:000 para wanrouter2(10)
Mensaje D / 00:00:20:000 / wanrouter2(10) / 00:00:01:000 para wan(02)
Mensaje D / 00:00:20:000 / wan(02) / 00:00:01:000 para top(01)
Mensaje D / 00:00:20:000 / top(01) / 00:00:01:000 para Root(00)
Mensaje * / 00:00:21:000 / Root(00) para top(01)
Mensaje * / 00:00:21:000 / top(01) para wan(02)
Mensaje * / 00:00:21:000 / wan(02) para wanrouter2(10)
Mensaje * / 00:00:21:000 / wanrouter2(10) para queue4(11)
Mensaje Y / 00:00:21:000 / queue4(11) / out /      1.00000 para wanrouter2(10)
Mensaje D / 00:00:21:000 / queue4(11) / ... para wanrouter2(10)
Mensaje X / 00:00:21:000 / wanrouter2(10) / switchin /      1.00000 para switch4(14)
Mensaje D / 00:00:21:000 / switch4(14) / 00:00:01:000 para wanrouter2(10)
Mensaje D / 00:00:21:000 / wanrouter2(10) / 00:00:01:000 para wan(02)
Mensaje D / 00:00:21:000 / wan(02) / 00:00:01:000 para top(01)
Mensaje D / 00:00:21:000 / top(01) / 00:00:01:000 para Root(00)
Mensaje * / 00:00:22:000 / Root(00) para top(01)
Mensaje * / 00:00:22:000 / top(01) para wan(02)
Mensaje * / 00:00:22:000 / wan(02) para wanrouter2(10)
Mensaje * / 00:00:22:000 / wanrouter2(10) para switch4(14)
Mensaje Y / 00:00:22:000 / switch4(14) / switchout2 /      1.00000 para wanrouter2(10)
Mensaje D / 00:00:22:000 / switch4(14) / ... para wanrouter2(10)
Mensaje Y / 00:00:22:000 / wanrouter2(10) / routerout2 /      1.00000 para wan(02)
Mensaje X / 00:00:22:000 / wanrouter2(10) / done /      1.00000 para queue4(11)
Mensaje X / 00:00:22:000 / wan(02) / routerin2 /      1.00000 para wanrouter1(03)
Mensaje D / 00:00:22:000 / queue4(11) / ... para wanrouter2(10)
Mensaje X / 00:00:22:000 / wanrouter1(03) / in /      1.00000 para queue2(05)
Mensaje D / 00:00:22:000 / wanrouter2(10) / 100:40:17:099 para wan(02)
Mensaje D / 00:00:22:000 / queue2(05) / 00:00:01:000 para wanrouter1(03)
Mensaje D / 00:00:22:000 / wanrouter1(03) / 00:00:01:000 para wan(02)
Mensaje D / 00:00:22:000 / wan(02) / 00:00:01:000 para top(01)
Mensaje D / 00:00:22:000 / top(01) / 00:00:01:000 para Root(00)
Mensaje * / 00:00:23:000 / Root(00) para top(01)
Mensaje * / 00:00:23:000 / top(01) para wan(02)
Mensaje * / 00:00:23:000 / wan(02) para wanrouter1(03)
Mensaje * / 00:00:23:000 / wanrouter1(03) para queue2(05)
Mensaje Y / 00:00:23:000 / queue2(05) / out /      1.00000 para wanrouter1(03)
Mensaje D / 00:00:23:000 / queue2(05) / ... para wanrouter1(03)
Mensaje X / 00:00:23:000 / wanrouter1(03) / switchin /      1.00000 para switch2(08)
Mensaje D / 00:00:23:000 / switch2(08) / 00:00:01:000 para wanrouter1(03)
Mensaje D / 00:00:23:000 / wanrouter1(03) / 00:00:01:000 para wan(02)
Mensaje D / 00:00:23:000 / wan(02) / 00:00:01:000 para top(01)
Mensaje D / 00:00:23:000 / top(01) / 00:00:01:000 para Root(00)
Mensaje * / 00:00:24:000 / Root(00) para top(01)
Mensaje * / 00:00:24:000 / top(01) para wan(02)
Mensaje * / 00:00:24:000 / wan(02) para wanrouter1(03)
Mensaje * / 00:00:24:000 / wanrouter1(03) para switch2(08)
Mensaje Y / 00:00:24:000 / switch2(08) / switchout1 /      1.00000 para wanrouter1(03)
Mensaje D / 00:00:24:000 / switch2(08) / ... para wanrouter1(03)
Mensaje Y / 00:00:24:000 / wanrouter1(03) / routerout1 /      1.00000 para wan(02)
Mensaje X / 00:00:24:000 / wanrouter1(03) / done /      1.00000 para queue2(05)
Mensaje Y / 00:00:24:000 / wan(02) / wanout1 /      1.00000 para top(01)
Mensaje D / 00:00:24:000 / queue2(05) / ... para wanrouter1(03)
Mensaje Y / 00:00:24:000 / top(01) / wanout1 /      1.00000 para Root(00)
Mensaje D / 00:00:24:000 / wanrouter1(03) / 100:40:15:099 para wan(02)
Mensaje D / 00:00:24:000 / wan(02) / 100:40:15:099 para top(01)
Mensaje D / 00:00:24:000 / top(01) / 100:40:15:099 para Root(00)
Mensaje X / 00:00:30:000 / Root(00) / wanin3 /      5.00000 para top(01)
Mensaje X / 00:00:30:000 / top(01) / wanin3 /      5.00000 para wan(02)
Mensaje X / 00:00:30:000 / wan(02) / routerin1 /      5.00000 para wanrouter3(17)
Mensaje X / 00:00:30:000 / wanrouter3(17) / in /      5.00000 para queue7(18)
Mensaje D / 00:00:30:000 / queue7(18) / 00:00:01:000 para wanrouter3(17)
Mensaje D / 00:00:30:000 / wanrouter3(17) / 00:00:01:000 para wan(02)
Mensaje D / 00:00:30:000 / wan(02) / 00:00:01:000 para top(01)
Mensaje D / 00:00:30:000 / top(01) / 00:00:01:000 para Root(00)
Mensaje * / 00:00:31:000 / Root(00) para top(01)
Mensaje * / 00:00:31:000 / top(01) para wan(02)
Mensaje * / 00:00:31:000 / wan(02) para wanrouter3(17)
Mensaje * / 00:00:31:000 / wanrouter3(17) para queue7(18)
Mensaje Y / 00:00:31:000 / queue7(18) / out /      5.00000 para wanrouter3(17)
Mensaje D / 00:00:31:000 / queue7(18) / ... para wanrouter3(17)
Mensaje X / 00:00:31:000 / wanrouter3(17) / switchin /      5.00000 para switch7(21)
Mensaje D / 00:00:31:000 / switch7(21) / 00:00:01:000 para wanrouter3(17)
Mensaje D / 00:00:31:000 / wanrouter3(17) / 00:00:01:000 para wan(02)
Mensaje D / 00:00:31:000 / wan(02) / 00:00:01:000 para top(01)
Mensaje D / 00:00:31:000 / top(01) / 00:00:01:000 para Root(00)
Mensaje * / 00:00:32:000 / Root(00) para top(01)
Mensaje * / 00:00:32:000 / top(01) para wan(02)
Mensaje * / 00:00:32:000 / wan(02) para wanrouter3(17)
Mensaje * / 00:00:32:000 / wanrouter3(17) para switch7(21)
Mensaje Y / 00:00:32:000 / switch7(21) / switchout3 /      5.00000 para wanrouter3(17)
Mensaje D / 00:00:32:000 / switch7(21) / ... para wanrouter3(17)
Mensaje Y / 00:00:32:000 / wanrouter3(17) / routerout3 /      5.00000 para wan(02)
Mensaje X / 00:00:32:000 / wanrouter3(17) / done /      5.00000 para queue7(18)
Mensaje X / 00:00:32:000 / wan(02) / routerin3 /      5.00000 para wanrouter2(10)
Mensaje D / 00:00:32:000 / queue7(18) / ... para wanrouter3(17)
Mensaje X / 00:00:32:000 / wanrouter2(10) / in /      5.00000 para queue6(13)
Mensaje D / 00:00:32:000 / wanrouter3(17) / 100:40:07:099 para wan(02)
Mensaje D / 00:00:32:000 / queue6(13) / 00:00:01:000 para wanrouter2(10)
Mensaje D / 00:00:32:000 / wanrouter2(10) / 00:00:01:000 para wan(02)
Mensaje D / 00:00:32:000 / wan(02) / 00:00:01:000 para top(01)
Mensaje D / 00:00:32:000 / top(01) / 00:00:01:000 para Root(00)
Mensaje * / 00:00:33:000 / Root(00) para top(01)
Mensaje * / 00:00:33:000 / top(01) para wan(02)
Mensaje * / 00:00:33:000 / wan(02) para wanrouter2(10)
Mensaje * / 00:00:33:000 / wanrouter2(10) para queue6(13)
Mensaje Y / 00:00:33:000 / queue6(13) / out /      5.00000 para wanrouter2(10)
Mensaje D / 00:00:33:000 / queue6(13) / ... para wanrouter2(10)
Mensaje X / 00:00:33:000 / wanrouter2(10) / switchin /      5.00000 para switch6(16)
Mensaje D / 00:00:33:000 / switch6(16) / 00:00:01:000 para wanrouter2(10)
Mensaje D / 00:00:33:000 / wanrouter2(10) / 00:00:01:000 para wan(02)
Mensaje D / 00:00:33:000 / wan(02) / 00:00:01:000 para top(01)
Mensaje D / 00:00:33:000 / top(01) / 00:00:01:000 para Root(00)
Mensaje * / 00:00:34:000 / Root(00) para top(01)
Mensaje * / 00:00:34:000 / top(01) para wan(02)
Mensaje * / 00:00:34:000 / wan(02) para wanrouter2(10)
Mensaje * / 00:00:34:000 / wanrouter2(10) para switch6(16)
Mensaje Y / 00:00:34:000 / switch6(16) / switchout1 /      5.00000 para wanrouter2(10)
Mensaje D / 00:00:34:000 / switch6(16) / ... para wanrouter2(10)
Mensaje Y / 00:00:34:000 / wanrouter2(10) / routerout1 /      5.00000 para wan(02)
Mensaje X / 00:00:34:000 / wanrouter2(10) / done /      5.00000 para queue6(13)
Mensaje Y / 00:00:34:000 / wan(02) / wanout2 /      5.00000 para top(01)
Mensaje D / 00:00:34:000 / queue6(13) / ... para wanrouter2(10)
Mensaje Y / 00:00:34:000 / top(01) / wanout2 /      5.00000 para Root(00)
Mensaje D / 00:00:34:000 / wanrouter2(10) / ... para wan(02)
Mensaje D / 00:00:34:000 / wan(02) / 100:40:05:099 para top(01)
Mensaje D / 00:00:34:000 / top(01) / 100:40:05:099 para Root(00)
Mensaje X / 00:00:40:000 / Root(00) / wanin3 /      6.00000 para top(01)
Mensaje X / 00:00:40:000 / top(01) / wanin3 /      6.00000 para wan(02)
Mensaje X / 00:00:40:000 / wan(02) / routerin1 /      6.00000 para wanrouter3(17)
Mensaje X / 00:00:40:000 / wanrouter3(17) / in /      6.00000 para queue7(18)
Mensaje D / 00:00:40:000 / queue7(18) / 00:00:01:000 para wanrouter3(17)
Mensaje D / 00:00:40:000 / wanrouter3(17) / 00:00:01:000 para wan(02)
Mensaje D / 00:00:40:000 / wan(02) / 00:00:01:000 para top(01)
Mensaje D / 00:00:40:000 / top(01) / 00:00:01:000 para Root(00)
Mensaje * / 00:00:41:000 / Root(00) para top(01)
Mensaje * / 00:00:41:000 / top(01) para wan(02)
Mensaje * / 00:00:41:000 / wan(02) para wanrouter3(17)
Mensaje * / 00:00:41:000 / wanrouter3(17) para queue7(18)
Mensaje Y / 00:00:41:000 / queue7(18) / out /      6.00000 para wanrouter3(17)
Mensaje D / 00:00:41:000 / queue7(18) / ... para wanrouter3(17)
Mensaje X / 00:00:41:000 / wanrouter3(17) / switchin /      6.00000 para switch7(21)
Mensaje D / 00:00:41:000 / switch7(21) / 00:00:01:000 para wanrouter3(17)
Mensaje D / 00:00:41:000 / wanrouter3(17) / 00:00:01:000 para wan(02)
Mensaje D / 00:00:41:000 / wan(02) / 00:00:01:000 para top(01)
Mensaje D / 00:00:41:000 / top(01) / 00:00:01:000 para Root(00)
Mensaje * / 00:00:42:000 / Root(00) para top(01)
Mensaje * / 00:00:42:000 / top(01) para wan(02)
Mensaje * / 00:00:42:000 / wan(02) para wanrouter3(17)
Mensaje * / 00:00:42:000 / wanrouter3(17) para switch7(21)
Mensaje Y / 00:00:42:000 / switch7(21) / switchout3 /      6.00000 para wanrouter3(17)
Mensaje D / 00:00:42:000 / switch7(21) / ... para wanrouter3(17)
Mensaje Y / 00:00:42:000 / wanrouter3(17) / routerout3 /      6.00000 para wan(02)
Mensaje X / 00:00:42:000 / wanrouter3(17) / done /      6.00000 para queue7(18)
Mensaje X / 00:00:42:000 / wan(02) / routerin3 /      6.00000 para wanrouter2(10)
Mensaje D / 00:00:42:000 / queue7(18) / ... para wanrouter3(17)
Mensaje X / 00:00:42:000 / wanrouter2(10) / in /      6.00000 para queue6(13)
Mensaje D / 00:00:42:000 / wanrouter3(17) / 100:39:57:099 para wan(02)
Mensaje D / 00:00:42:000 / queue6(13) / 00:00:01:000 para wanrouter2(10)
Mensaje D / 00:00:42:000 / wanrouter2(10) / 00:00:01:000 para wan(02)
Mensaje D / 00:00:42:000 / wan(02) / 00:00:01:000 para top(01)
Mensaje D / 00:00:42:000 / top(01) / 00:00:01:000 para Root(00)
Mensaje * / 00:00:43:000 / Root(00) para top(01)
Mensaje * / 00:00:43:000 / top(01) para wan(02)
Mensaje * / 00:00:43:000 / wan(02) para wanrouter2(10)
Mensaje * / 00:00:43:000 / wanrouter2(10) para queue6(13)
Mensaje Y / 00:00:43:000 / queue6(13) / out /      6.00000 para wanrouter2(10)
Mensaje D / 00:00:43:000 / queue6(13) / ... para wanrouter2(10)
Mensaje X / 00:00:43:000 / wanrouter2(10) / switchin /      6.00000 para switch6(16)
Mensaje D / 00:00:43:000 / switch6(16) / 00:00:01:000 para wanrouter2(10)
Mensaje D / 00:00:43:000 / wanrouter2(10) / 00:00:01:000 para wan(02)
Mensaje D / 00:00:43:000 / wan(02) / 00:00:01:000 para top(01)
Mensaje D / 00:00:43:000 / top(01) / 00:00:01:000 para Root(00)
Mensaje * / 00:00:44:000 / Root(00) para top(01)
Mensaje * / 00:00:44:000 / top(01) para wan(02)
Mensaje * / 00:00:44:000 / wan(02) para wanrouter2(10)
Mensaje * / 00:00:44:000 / wanrouter2(10) para switch6(16)
Mensaje Y / 00:00:44:000 / switch6(16) / switchout1 /      6.00000 para wanrouter2(10)
Mensaje D / 00:00:44:000 / switch6(16) / ... para wanrouter2(10)
Mensaje Y / 00:00:44:000 / wanrouter2(10) / routerout1 /      6.00000 para wan(02)
Mensaje X / 00:00:44:000 / wanrouter2(10) / done /      6.00000 para queue6(13)
Mensaje Y / 00:00:44:000 / wan(02) / wanout2 /      6.00000 para top(01)
Mensaje D / 00:00:44:000 / queue6(13) / ... para wanrouter2(10)
Mensaje Y / 00:00:44:000 / top(01) / wanout2 /      6.00000 para Root(00)
Mensaje D / 00:00:44:000 / wanrouter2(10) / ... para wan(02)
Mensaje D / 00:00:44:000 / wan(02) / 100:39:55:099 para top(01)
Mensaje D / 00:00:44:000 / top(01) / 100:39:55:099 para Root(00)
Mensaje X / 00:00:50:000 / Root(00) / wanin2 /      8.00000 para top(01)
Mensaje X / 00:00:50:000 / top(01) / wanin2 /      8.00000 para wan(02)
Mensaje X / 00:00:50:000 / wan(02) / routerin1 /      8.00000 para wanrouter2(10)
Mensaje X / 00:00:50:000 / wanrouter2(10) / in /      8.00000 para queue4(11)
Mensaje D / 00:00:50:000 / queue4(11) / 00:00:01:000 para wanrouter2(10)
Mensaje D / 00:00:50:000 / wanrouter2(10) / 00:00:01:000 para wan(02)
Mensaje D / 00:00:50:000 / wan(02) / 00:00:01:000 para top(01)
Mensaje D / 00:00:50:000 / top(01) / 00:00:01:000 para Root(00)
Mensaje * / 00:00:51:000 / Root(00) para top(01)
Mensaje * / 00:00:51:000 / top(01) para wan(02)
Mensaje * / 00:00:51:000 / wan(02) para wanrouter2(10)
Mensaje * / 00:00:51:000 / wanrouter2(10) para queue4(11)
Mensaje Y / 00:00:51:000 / queue4(11) / out /      8.00000 para wanrouter2(10)
Mensaje D / 00:00:51:000 / queue4(11) / ... para wanrouter2(10)
Mensaje X / 00:00:51:000 / wanrouter2(10) / switchin /      8.00000 para switch4(14)
Mensaje D / 00:00:51:000 / switch4(14) / 00:00:01:000 para wanrouter2(10)
Mensaje D / 00:00:51:000 / wanrouter2(10) / 00:00:01:000 para wan(02)
Mensaje D / 00:00:51:000 / wan(02) / 00:00:01:000 para top(01)
Mensaje D / 00:00:51:000 / top(01) / 00:00:01:000 para Root(00)
Mensaje * / 00:00:52:000 / Root(00) para top(01)
Mensaje * / 00:00:52:000 / top(01) para wan(02)
Mensaje * / 00:00:52:000 / wan(02) para wanrouter2(10)
Mensaje * / 00:00:52:000 / wanrouter2(10) para switch4(14)
Mensaje Y / 00:00:52:000 / switch4(14) / switchout3 /      8.00000 para wanrouter2(10)
Mensaje D / 00:00:52:000 / switch4(14) / ... para wanrouter2(10)
Mensaje Y / 00:00:52:000 / wanrouter2(10) / routerout3 /      8.00000 para wan(02)
Mensaje X / 00:00:52:000 / wanrouter2(10) / done /      8.00000 para queue4(11)
Mensaje X / 00:00:52:000 / wan(02) / routerin3 /      8.00000 para wanrouter3(17)
Mensaje D / 00:00:52:000 / queue4(11) / ... para wanrouter2(10)
Mensaje X / 00:00:52:000 / wanrouter3(17) / in /      8.00000 para queue9(20)
Mensaje D / 00:00:52:000 / wanrouter2(10) / ... para wan(02)
Mensaje D / 00:00:52:000 / queue9(20) / 00:00:01:000 para wanrouter3(17)
Mensaje D / 00:00:52:000 / wanrouter3(17) / 00:00:01:000 para wan(02)
Mensaje D / 00:00:52:000 / wan(02) / 00:00:01:000 para top(01)
Mensaje D / 00:00:52:000 / top(01) / 00:00:01:000 para Root(00)
Mensaje * / 00:00:53:000 / Root(00) para top(01)
Mensaje * / 00:00:53:000 / top(01) para wan(02)
Mensaje * / 00:00:53:000 / wan(02) para wanrouter3(17)
Mensaje * / 00:00:53:000 / wanrouter3(17) para queue9(20)
Mensaje Y / 00:00:53:000 / queue9(20) / out /      8.00000 para wanrouter3(17)
Mensaje D / 00:00:53:000 / queue9(20) / ... para wanrouter3(17)
Mensaje X / 00:00:53:000 / wanrouter3(17) / switchin /      8.00000 para switch9(23)
Mensaje D / 00:00:53:000 / switch9(23) / 00:00:01:000 para wanrouter3(17)
Mensaje D / 00:00:53:000 / wanrouter3(17) / 00:00:01:000 para wan(02)
Mensaje D / 00:00:53:000 / wan(02) / 00:00:01:000 para top(01)
Mensaje D / 00:00:53:000 / top(01) / 00:00:01:000 para Root(00)
Mensaje * / 00:00:54:000 / Root(00) para top(01)
Mensaje * / 00:00:54:000 / top(01) para wan(02)
Mensaje * / 00:00:54:000 / wan(02) para wanrouter3(17)
Mensaje * / 00:00:54:000 / wanrouter3(17) para switch9(23)
Mensaje Y / 00:00:54:000 / switch9(23) / switchout1 /      8.00000 para wanrouter3(17)
Mensaje D / 00:00:54:000 / switch9(23) / ... para wanrouter3(17)
Mensaje Y / 00:00:54:000 / wanrouter3(17) / routerout1 /      8.00000 para wan(02)
Mensaje X / 00:00:54:000 / wanrouter3(17) / done /      8.00000 para queue9(20)
Mensaje Y / 00:00:54:000 / wan(02) / wanout3 /      8.00000 para top(01)
Mensaje D / 00:00:54:000 / queue9(20) / ... para wanrouter3(17)
Mensaje Y / 00:00:54:000 / top(01) / wanout3 /      8.00000 para Root(00)
Mensaje D / 00:00:54:000 / wanrouter3(17) / 100:39:45:099 para wan(02)
Mensaje D / 00:00:54:000 / wan(02) / 100:39:45:099 para top(01)
Mensaje D / 00:00:54:000 / top(01) / 100:39:45:099 para Root(00)
Mensaje X / 00:01:00:000 / Root(00) / wanin1 /      9.00000 para top(01)
Mensaje X / 00:01:00:000 / top(01) / wanin1 /      9.00000 para wan(02)
Mensaje X / 00:01:00:000 / wan(02) / routerin1 /      9.00000 para wanrouter1(03)
Mensaje X / 00:01:00:000 / wanrouter1(03) / in /      9.00000 para queue1(04)
Mensaje D / 00:01:00:000 / queue1(04) / 00:00:01:000 para wanrouter1(03)
Mensaje D / 00:01:00:000 / wanrouter1(03) / 00:00:01:000 para wan(02)
Mensaje D / 00:01:00:000 / wan(02) / 00:00:01:000 para top(01)
Mensaje D / 00:01:00:000 / top(01) / 00:00:01:000 para Root(00)
Mensaje * / 00:01:01:000 / Root(00) para top(01)
Mensaje * / 00:01:01:000 / top(01) para wan(02)
Mensaje * / 00:01:01:000 / wan(02) para wanrouter1(03)
Mensaje * / 00:01:01:000 / wanrouter1(03) para queue1(04)
Mensaje Y / 00:01:01:000 / queue1(04) / out /      9.00000 para wanrouter1(03)
Mensaje D / 00:01:01:000 / queue1(04) / ... para wanrouter1(03)
Mensaje X / 00:01:01:000 / wanrouter1(03) / switchin /      9.00000 para switch1(07)
Mensaje D / 00:01:01:000 / switch1(07) / 00:00:01:000 para wanrouter1(03)
Mensaje D / 00:01:01:000 / wanrouter1(03) / 00:00:01:000 para wan(02)
Mensaje D / 00:01:01:000 / wan(02) / 00:00:01:000 para top(01)
Mensaje D / 00:01:01:000 / top(01) / 00:00:01:000 para Root(00)
Mensaje * / 00:01:02:000 / Root(00) para top(01)
Mensaje * / 00:01:02:000 / top(01) para wan(02)
Mensaje * / 00:01:02:000 / wan(02) para wanrouter1(03)
Mensaje * / 00:01:02:000 / wanrouter1(03) para switch1(07)
Mensaje Y / 00:01:02:000 / switch1(07) / switchout3 /      9.00000 para wanrouter1(03)
Mensaje D / 00:01:02:000 / switch1(07) / ... para wanrouter1(03)
Mensaje Y / 00:01:02:000 / wanrouter1(03) / routerout3 /      9.00000 para wan(02)
Mensaje X / 00:01:02:000 / wanrouter1(03) / done /      9.00000 para queue1(04)
Mensaje X / 00:01:02:000 / wan(02) / routerin2 /      9.00000 para wanrouter3(17)
Mensaje D / 00:01:02:000 / queue1(04) / ... para wanrouter1(03)
Mensaje X / 00:01:02:000 / wanrouter3(17) / in /      9.00000 para queue8(19)
Mensaje D / 00:01:02:000 / wanrouter1(03) / 100:39:37:099 para wan(02)
Mensaje D / 00:01:02:000 / queue8(19) / 00:00:01:000 para wanrouter3(17)
Mensaje D / 00:01:02:000 / wanrouter3(17) / 00:00:01:000 para wan(02)
Mensaje D / 00:01:02:000 / wan(02) / 00:00:01:000 para top(01)
Mensaje D / 00:01:02:000 / top(01) / 00:00:01:000 para Root(00)
Mensaje * / 00:01:03:000 / Root(00) para top(01)
Mensaje * / 00:01:03:000 / top(01) para wan(02)
Mensaje * / 00:01:03:000 / wan(02) para wanrouter3(17)
Mensaje * / 00:01:03:000 / wanrouter3(17) para queue8(19)
Mensaje Y / 00:01:03:000 / queue8(19) / out /      9.00000 para wanrouter3(17)
Mensaje D / 00:01:03:000 / queue8(19) / ... para wanrouter3(17)
Mensaje X / 00:01:03:000 / wanrouter3(17) / switchin /      9.00000 para switch8(22)
Mensaje D / 00:01:03:000 / switch8(22) / 00:00:01:000 para wanrouter3(17)
Mensaje D / 00:01:03:000 / wanrouter3(17) / 00:00:01:000 para wan(02)
Mensaje D / 00:01:03:000 / wan(02) / 00:00:01:000 para top(01)
Mensaje D / 00:01:03:000 / top(01) / 00:00:01:000 para Root(00)
Mensaje * / 00:01:04:000 / Root(00) para top(01)
Mensaje * / 00:01:04:000 / top(01) para wan(02)
Mensaje * / 00:01:04:000 / wan(02) para wanrouter3(17)
Mensaje * / 00:01:04:000 / wanrouter3(17) para switch8(22)
Mensaje Y / 00:01:04:000 / switch8(22) / switchout1 /      9.00000 para wanrouter3(17)
Mensaje D / 00:01:04:000 / switch8(22) / ... para wanrouter3(17)
Mensaje Y / 00:01:04:000 / wanrouter3(17) / routerout1 /      9.00000 para wan(02)
Mensaje X / 00:01:04:000 / wanrouter3(17) / done /      9.00000 para queue8(19)
Mensaje Y / 00:01:04:000 / wan(02) / wanout3 /      9.00000 para top(01)
Mensaje D / 00:01:04:000 / queue8(19) / ... para wanrouter3(17)
Mensaje Y / 00:01:04:000 / top(01) / wanout3 /      9.00000 para Root(00)
Mensaje D / 00:01:04:000 / wanrouter3(17) / ... para wan(02)
Mensaje D / 00:01:04:000 / wan(02) / 100:39:35:099 para top(01)
Mensaje D / 00:01:04:000 / top(01) / 100:39:35:099 para Root(00)
Mensaje X / 00:01:10:000 / Root(00) / wanin1 /      7.00000 para top(01)
Mensaje X / 00:01:10:000 / top(01) / wanin1 /      7.00000 para wan(02)
Mensaje X / 00:01:10:000 / wan(02) / routerin1 /      7.00000 para wanrouter1(03)
Mensaje X / 00:01:10:000 / wanrouter1(03) / in /      7.00000 para queue1(04)
Mensaje D / 00:01:10:000 / queue1(04) / 00:00:01:000 para wanrouter1(03)
Mensaje D / 00:01:10:000 / wanrouter1(03) / 00:00:01:000 para wan(02)
Mensaje D / 00:01:10:000 / wan(02) / 00:00:01:000 para top(01)
Mensaje D / 00:01:10:000 / top(01) / 00:00:01:000 para Root(00)
Mensaje * / 00:01:11:000 / Root(00) para top(01)
Mensaje * / 00:01:11:000 / top(01) para wan(02)
Mensaje * / 00:01:11:000 / wan(02) para wanrouter1(03)
Mensaje * / 00:01:11:000 / wanrouter1(03) para queue1(04)
Mensaje Y / 00:01:11:000 / queue1(04) / out /      7.00000 para wanrouter1(03)
Mensaje D / 00:01:11:000 / queue1(04) / ... para wanrouter1(03)
Mensaje X / 00:01:11:000 / wanrouter1(03) / switchin /      7.00000 para switch1(07)
Mensaje D / 00:01:11:000 / switch1(07) / 00:00:01:000 para wanrouter1(03)
Mensaje D / 00:01:11:000 / wanrouter1(03) / 00:00:01:000 para wan(02)
Mensaje D / 00:01:11:000 / wan(02) / 00:00:01:000 para top(01)
Mensaje D / 00:01:11:000 / top(01) / 00:00:01:000 para Root(00)
Mensaje * / 00:01:12:000 / Root(00) para top(01)
Mensaje * / 00:01:12:000 / top(01) para wan(02)
Mensaje * / 00:01:12:000 / wan(02) para wanrouter1(03)
Mensaje * / 00:01:12:000 / wanrouter1(03) para switch1(07)
Mensaje Y / 00:01:12:000 / switch1(07) / switchout3 /      7.00000 para wanrouter1(03)
Mensaje D / 00:01:12:000 / switch1(07) / ... para wanrouter1(03)
Mensaje Y / 00:01:12:000 / wanrouter1(03) / routerout3 /      7.00000 para wan(02)
Mensaje X / 00:01:12:000 / wanrouter1(03) / done /      7.00000 para queue1(04)
Mensaje X / 00:01:12:000 / wan(02) / routerin2 /      7.00000 para wanrouter3(17)
Mensaje D / 00:01:12:000 / queue1(04) / ... para wanrouter1(03)
Mensaje X / 00:01:12:000 / wanrouter3(17) / in /      7.00000 para queue8(19)
Mensaje D / 00:01:12:000 / wanrouter1(03) / 100:39:27:099 para wan(02)
Mensaje D / 00:01:12:000 / queue8(19) / 00:00:01:000 para wanrouter3(17)
Mensaje D / 00:01:12:000 / wanrouter3(17) / 00:00:01:000 para wan(02)
Mensaje D / 00:01:12:000 / wan(02) / 00:00:01:000 para top(01)
Mensaje D / 00:01:12:000 / top(01) / 00:00:01:000 para Root(00)
Mensaje * / 00:01:13:000 / Root(00) para top(01)
Mensaje * / 00:01:13:000 / top(01) para wan(02)
Mensaje * / 00:01:13:000 / wan(02) para wanrouter3(17)
Mensaje * / 00:01:13:000 / wanrouter3(17) para queue8(19)
Mensaje Y / 00:01:13:000 / queue8(19) / out /      7.00000 para wanrouter3(17)
Mensaje D / 00:01:13:000 / queue8(19) / ... para wanrouter3(17)
Mensaje X / 00:01:13:000 / wanrouter3(17) / switchin /      7.00000 para switch8(22)
Mensaje D / 00:01:13:000 / switch8(22) / 00:00:01:000 para wanrouter3(17)
Mensaje D / 00:01:13:000 / wanrouter3(17) / 00:00:01:000 para wan(02)
Mensaje D / 00:01:13:000 / wan(02) / 00:00:01:000 para top(01)
Mensaje D / 00:01:13:000 / top(01) / 00:00:01:000 para Root(00)
Mensaje * / 00:01:14:000 / Root(00) para top(01)
Mensaje * / 00:01:14:000 / top(01) para wan(02)
Mensaje * / 00:01:14:000 / wan(02) para wanrouter3(17)
Mensaje * / 00:01:14:000 / wanrouter3(17) para switch8(22)
Mensaje Y / 00:01:14:000 / switch8(22) / switchout1 /      7.00000 para wanrouter3(17)
Mensaje D / 00:01:14:000 / switch8(22) / ... para wanrouter3(17)
Mensaje Y / 00:01:14:000 / wanrouter3(17) / routerout1 /      7.00000 para wan(02)
Mensaje X / 00:01:14:000 / wanrouter3(17) / done /      7.00000 para queue8(19)
Mensaje Y / 00:01:14:000 / wan(02) / wanout3 /      7.00000 para top(01)
Mensaje D / 00:01:14:000 / queue8(19) / ... para wanrouter3(17)
Mensaje Y / 00:01:14:000 / top(01) / wanout3 /      7.00000 para Root(00)
Mensaje D / 00:01:14:000 / wanrouter3(17) / ... para wan(02)
Mensaje D / 00:01:14:000 / wan(02) / 100:39:25:099 para top(01)
Mensaje D / 00:01:14:000 / top(01) / 100:39:25:099 para Root(00)
Mensaje X / 00:01:20:000 / Root(00) / wanin1 /      5.00000 para top(01)
Mensaje X / 00:01:20:000 / top(01) / wanin1 /      5.00000 para wan(02)
Mensaje X / 00:01:20:000 / wan(02) / routerin1 /      5.00000 para wanrouter1(03)
Mensaje X / 00:01:20:000 / wanrouter1(03) / in /      5.00000 para queue1(04)
Mensaje D / 00:01:20:000 / queue1(04) / 00:00:01:000 para wanrouter1(03)
Mensaje D / 00:01:20:000 / wanrouter1(03) / 00:00:01:000 para wan(02)
Mensaje D / 00:01:20:000 / wan(02) / 00:00:01:000 para top(01)
Mensaje D / 00:01:20:000 / top(01) / 00:00:01:000 para Root(00)
Mensaje * / 00:01:21:000 / Root(00) para top(01)
Mensaje * / 00:01:21:000 / top(01) para wan(02)
Mensaje * / 00:01:21:000 / wan(02) para wanrouter1(03)
Mensaje * / 00:01:21:000 / wanrouter1(03) para queue1(04)
Mensaje Y / 00:01:21:000 / queue1(04) / out /      5.00000 para wanrouter1(03)
Mensaje D / 00:01:21:000 / queue1(04) / ... para wanrouter1(03)
Mensaje X / 00:01:21:000 / wanrouter1(03) / switchin /      5.00000 para switch1(07)
Mensaje D / 00:01:21:000 / switch1(07) / 00:00:01:000 para wanrouter1(03)
Mensaje D / 00:01:21:000 / wanrouter1(03) / 00:00:01:000 para wan(02)
Mensaje D / 00:01:21:000 / wan(02) / 00:00:01:000 para top(01)
Mensaje D / 00:01:21:000 / top(01) / 00:00:01:000 para Root(00)
Mensaje * / 00:01:22:000 / Root(00) para top(01)
Mensaje * / 00:01:22:000 / top(01) para wan(02)
Mensaje * / 00:01:22:000 / wan(02) para wanrouter1(03)
Mensaje * / 00:01:22:000 / wanrouter1(03) para switch1(07)
Mensaje Y / 00:01:22:000 / switch1(07) / switchout2 /      5.00000 para wanrouter1(03)
Mensaje D / 00:01:22:000 / switch1(07) / ... para wanrouter1(03)
Mensaje Y / 00:01:22:000 / wanrouter1(03) / routerout2 /      5.00000 para wan(02)
Mensaje X / 00:01:22:000 / wanrouter1(03) / done /      5.00000 para queue1(04)
Mensaje X / 00:01:22:000 / wan(02) / routerin2 /      5.00000 para wanrouter2(10)
Mensaje D / 00:01:22:000 / queue1(04) / ... para wanrouter1(03)
Mensaje X / 00:01:22:000 / wanrouter2(10) / in /      5.00000 para queue5(12)
Mensaje D / 00:01:22:000 / wanrouter1(03) / 100:39:17:099 para wan(02)
Mensaje D / 00:01:22:000 / queue5(12) / 00:00:01:000 para wanrouter2(10)
Mensaje D / 00:01:22:000 / wanrouter2(10) / 00:00:01:000 para wan(02)
Mensaje D / 00:01:22:000 / wan(02) / 00:00:01:000 para top(01)
Mensaje D / 00:01:22:000 / top(01) / 00:00:01:000 para Root(00)
Mensaje * / 00:01:23:000 / Root(00) para top(01)
Mensaje * / 00:01:23:000 / top(01) para wan(02)
Mensaje * / 00:01:23:000 / wan(02) para wanrouter2(10)
Mensaje * / 00:01:23:000 / wanrouter2(10) para queue5(12)
Mensaje Y / 00:01:23:000 / queue5(12) / out /      5.00000 para wanrouter2(10)
Mensaje D / 00:01:23:000 / queue5(12) / ... para wanrouter2(10)
Mensaje X / 00:01:23:000 / wanrouter2(10) / switchin /      5.00000 para switch5(15)
Mensaje D / 00:01:23:000 / switch5(15) / 00:00:01:000 para wanrouter2(10)
Mensaje D / 00:01:23:000 / wanrouter2(10) / 00:00:01:000 para wan(02)
Mensaje D / 00:01:23:000 / wan(02) / 00:00:01:000 para top(01)
Mensaje D / 00:01:23:000 / top(01) / 00:00:01:000 para Root(00)
Mensaje * / 00:01:24:000 / Root(00) para top(01)
Mensaje * / 00:01:24:000 / top(01) para wan(02)
Mensaje * / 00:01:24:000 / wan(02) para wanrouter2(10)
Mensaje * / 00:01:24:000 / wanrouter2(10) para switch5(15)
Mensaje Y / 00:01:24:000 / switch5(15) / switchout1 /      5.00000 para wanrouter2(10)
Mensaje D / 00:01:24:000 / switch5(15) / ... para wanrouter2(10)
Mensaje Y / 00:01:24:000 / wanrouter2(10) / routerout1 /      5.00000 para wan(02)
Mensaje X / 00:01:24:000 / wanrouter2(10) / done /      5.00000 para queue5(12)
Mensaje Y / 00:01:24:000 / wan(02) / wanout2 /      5.00000 para top(01)
Mensaje D / 00:01:24:000 / queue5(12) / ... para wanrouter2(10)
Mensaje Y / 00:01:24:000 / top(01) / wanout2 /      5.00000 para Root(00)
Mensaje D / 00:01:24:000 / wanrouter2(10) / ... para wan(02)
Mensaje D / 00:01:24:000 / wan(02) / 100:39:15:099 para top(01)
Mensaje D / 00:01:24:000 / top(01) / 100:39:15:099 para Root(00)
Mensaje X / 00:01:30:000 / Root(00) / wanin2 /      2.00000 para top(01)
Mensaje X / 00:01:30:000 / top(01) / wanin2 /      2.00000 para wan(02)
Mensaje X / 00:01:30:000 / wan(02) / routerin1 /      2.00000 para wanrouter2(10)
Mensaje X / 00:01:30:000 / wanrouter2(10) / in /      2.00000 para queue4(11)
Mensaje D / 00:01:30:000 / queue4(11) / 00:00:01:000 para wanrouter2(10)
Mensaje D / 00:01:30:000 / wanrouter2(10) / 00:00:01:000 para wan(02)
Mensaje D / 00:01:30:000 / wan(02) / 00:00:01:000 para top(01)
Mensaje D / 00:01:30:000 / top(01) / 00:00:01:000 para Root(00)
Mensaje * / 00:01:31:000 / Root(00) para top(01)
Mensaje * / 00:01:31:000 / top(01) para wan(02)
Mensaje * / 00:01:31:000 / wan(02) para wanrouter2(10)
Mensaje * / 00:01:31:000 / wanrouter2(10) para queue4(11)
Mensaje Y / 00:01:31:000 / queue4(11) / out /      2.00000 para wanrouter2(10)
Mensaje D / 00:01:31:000 / queue4(11) / ... para wanrouter2(10)
Mensaje X / 00:01:31:000 / wanrouter2(10) / switchin /      2.00000 para switch4(14)
Mensaje D / 00:01:31:000 / switch4(14) / 00:00:01:000 para wanrouter2(10)
Mensaje D / 00:01:31:000 / wanrouter2(10) / 00:00:01:000 para wan(02)
Mensaje D / 00:01:31:000 / wan(02) / 00:00:01:000 para top(01)
Mensaje D / 00:01:31:000 / top(01) / 00:00:01:000 para Root(00)
Mensaje * / 00:01:32:000 / Root(00) para top(01)
Mensaje * / 00:01:32:000 / top(01) para wan(02)
Mensaje * / 00:01:32:000 / wan(02) para wanrouter2(10)
Mensaje * / 00:01:32:000 / wanrouter2(10) para switch4(14)
Mensaje Y / 00:01:32:000 / switch4(14) / switchout2 /      2.00000 para wanrouter2(10)
Mensaje D / 00:01:32:000 / switch4(14) / ... para wanrouter2(10)
Mensaje Y / 00:01:32:000 / wanrouter2(10) / routerout2 /      2.00000 para wan(02)
Mensaje X / 00:01:32:000 / wanrouter2(10) / done /      2.00000 para queue4(11)
Mensaje X / 00:01:32:000 / wan(02) / routerin2 /      2.00000 para wanrouter1(03)
Mensaje D / 00:01:32:000 / queue4(11) / ... para wanrouter2(10)
Mensaje X / 00:01:32:000 / wanrouter1(03) / in /      2.00000 para queue2(05)
Mensaje D / 00:01:32:000 / wanrouter2(10) / ... para wan(02)
Mensaje D / 00:01:32:000 / queue2(05) / 00:00:01:000 para wanrouter1(03)
Mensaje D / 00:01:32:000 / wanrouter1(03) / 00:00:01:000 para wan(02)
Mensaje D / 00:01:32:000 / wan(02) / 00:00:01:000 para top(01)
Mensaje D / 00:01:32:000 / top(01) / 00:00:01:000 para Root(00)
Mensaje * / 00:01:33:000 / Root(00) para top(01)
Mensaje * / 00:01:33:000 / top(01) para wan(02)
Mensaje * / 00:01:33:000 / wan(02) para wanrouter1(03)
Mensaje * / 00:01:33:000 / wanrouter1(03) para queue2(05)
Mensaje Y / 00:01:33:000 / queue2(05) / out /      2.00000 para wanrouter1(03)
Mensaje D / 00:01:33:000 / queue2(05) / ... para wanrouter1(03)
Mensaje X / 00:01:33:000 / wanrouter1(03) / switchin /      2.00000 para switch2(08)
Mensaje D / 00:01:33:000 / switch2(08) / 00:00:01:000 para wanrouter1(03)
Mensaje D / 00:01:33:000 / wanrouter1(03) / 00:00:01:000 para wan(02)
Mensaje D / 00:01:33:000 / wan(02) / 00:00:01:000 para top(01)
Mensaje D / 00:01:33:000 / top(01) / 00:00:01:000 para Root(00)
Mensaje * / 00:01:34:000 / Root(00) para top(01)
Mensaje * / 00:01:34:000 / top(01) para wan(02)
Mensaje * / 00:01:34:000 / wan(02) para wanrouter1(03)
Mensaje * / 00:01:34:000 / wanrouter1(03) para switch2(08)
Mensaje Y / 00:01:34:000 / switch2(08) / switchout1 /      2.00000 para wanrouter1(03)
Mensaje D / 00:01:34:000 / switch2(08) / ... para wanrouter1(03)
Mensaje Y / 00:01:34:000 / wanrouter1(03) / routerout1 /      2.00000 para wan(02)
Mensaje X / 00:01:34:000 / wanrouter1(03) / done /      2.00000 para queue2(05)
Mensaje Y / 00:01:34:000 / wan(02) / wanout1 /      2.00000 para top(01)
Mensaje D / 00:01:34:000 / queue2(05) / ... para wanrouter1(03)
Mensaje Y / 00:01:34:000 / top(01) / wanout1 /      2.00000 para Root(00)
Mensaje D / 00:01:34:000 / wanrouter1(03) / 100:39:05:099 para wan(02)
Mensaje D / 00:01:34:000 / wan(02) / 100:39:05:099 para top(01)
Mensaje D / 00:01:34:000 / top(01) / 100:39:05:099 para Root(00)
Mensaje X / 00:01:40:000 / Root(00) / wanin2 /     10.00000 para top(01)
Mensaje X / 00:01:40:000 / top(01) / wanin2 /     10.00000 para wan(02)
Mensaje X / 00:01:40:000 / wan(02) / routerin1 /     10.00000 para wanrouter2(10)
Mensaje X / 00:01:40:000 / wanrouter2(10) / in /     10.00000 para queue4(11)
Mensaje D / 00:01:40:000 / queue4(11) / 00:00:01:000 para wanrouter2(10)
Mensaje D / 00:01:40:000 / wanrouter2(10) / 00:00:01:000 para wan(02)
Mensaje D / 00:01:40:000 / wan(02) / 00:00:01:000 para top(01)
Mensaje D / 00:01:40:000 / top(01) / 00:00:01:000 para Root(00)
Mensaje * / 00:01:41:000 / Root(00) para top(01)
Mensaje * / 00:01:41:000 / top(01) para wan(02)
Mensaje * / 00:01:41:000 / wan(02) para wanrouter2(10)
Mensaje * / 00:01:41:000 / wanrouter2(10) para queue4(11)
Mensaje Y / 00:01:41:000 / queue4(11) / out /     10.00000 para wanrouter2(10)
Mensaje D / 00:01:41:000 / queue4(11) / ... para wanrouter2(10)
Mensaje X / 00:01:41:000 / wanrouter2(10) / switchin /     10.00000 para switch4(14)
Mensaje D / 00:01:41:000 / switch4(14) / 00:00:01:000 para wanrouter2(10)
Mensaje D / 00:01:41:000 / wanrouter2(10) / 00:00:01:000 para wan(02)
Mensaje D / 00:01:41:000 / wan(02) / 00:00:01:000 para top(01)
Mensaje D / 00:01:41:000 / top(01) / 00:00:01:000 para Root(00)
Mensaje * / 00:01:42:000 / Root(00) para top(01)
Mensaje * / 00:01:42:000 / top(01) para wan(02)
Mensaje * / 00:01:42:000 / wan(02) para wanrouter2(10)
Mensaje * / 00:01:42:000 / wanrouter2(10) para switch4(14)
Mensaje Y / 00:01:42:000 / switch4(14) / packetsdropped /     10.00000 para wanrouter2(10)
Mensaje D / 00:01:42:000 / switch4(14) / ... para wanrouter2(10)
Mensaje Y / 00:01:42:000 / wanrouter2(10) / packetsdropped /     10.00000 para wan(02)
Mensaje X / 00:01:42:000 / wanrouter2(10) / done /     10.00000 para queue4(11)
Mensaje Y / 00:01:42:000 / wan(02) / packetsdropped2 /     10.00000 para top(01)
Mensaje D / 00:01:42:000 / queue4(11) / ... para wanrouter2(10)
Mensaje Y / 00:01:42:000 / top(01) / packetsdropped2 /     10.00000 para Root(00)
Mensaje D / 00:01:42:000 / wanrouter2(10) / ... para wan(02)
Mensaje D / 00:01:42:000 / wan(02) / 100:38:57:099 para top(01)
Mensaje D / 00:01:42:000 / top(01) / 100:38:57:099 para Root(00)
Mensaje X / 00:01:50:000 / Root(00) / wanin1 /     15.00000 para top(01)
Mensaje X / 00:01:50:000 / top(01) / wanin1 /     15.00000 para wan(02)
Mensaje X / 00:01:50:000 / wan(02) / routerin1 /     15.00000 para wanrouter1(03)
Mensaje X / 00:01:50:000 / wanrouter1(03) / in /     15.00000 para queue1(04)
Mensaje D / 00:01:50:000 / queue1(04) / 00:00:01:000 para wanrouter1(03)
Mensaje D / 00:01:50:000 / wanrouter1(03) / 00:00:01:000 para wan(02)
Mensaje D / 00:01:50:000 / wan(02) / 00:00:01:000 para top(01)
Mensaje D / 00:01:50:000 / top(01) / 00:00:01:000 para Root(00)
Mensaje * / 00:01:51:000 / Root(00) para top(01)
Mensaje * / 00:01:51:000 / top(01) para wan(02)
Mensaje * / 00:01:51:000 / wan(02) para wanrouter1(03)
Mensaje * / 00:01:51:000 / wanrouter1(03) para queue1(04)
Mensaje Y / 00:01:51:000 / queue1(04) / out /     15.00000 para wanrouter1(03)
Mensaje D / 00:01:51:000 / queue1(04) / ... para wanrouter1(03)
Mensaje X / 00:01:51:000 / wanrouter1(03) / switchin /     15.00000 para switch1(07)
Mensaje D / 00:01:51:000 / switch1(07) / 00:00:01:000 para wanrouter1(03)
Mensaje D / 00:01:51:000 / wanrouter1(03) / 00:00:01:000 para wan(02)
Mensaje D / 00:01:51:000 / wan(02) / 00:00:01:000 para top(01)
Mensaje D / 00:01:51:000 / top(01) / 00:00:01:000 para Root(00)
Mensaje * / 00:01:52:000 / Root(00) para top(01)
Mensaje * / 00:01:52:000 / top(01) para wan(02)
Mensaje * / 00:01:52:000 / wan(02) para wanrouter1(03)
Mensaje * / 00:01:52:000 / wanrouter1(03) para switch1(07)
Mensaje Y / 00:01:52:000 / switch1(07) / packetsdropped /     15.00000 para wanrouter1(03)
Mensaje D / 00:01:52:000 / switch1(07) / ... para wanrouter1(03)
Mensaje Y / 00:01:52:000 / wanrouter1(03) / packetsdropped /     15.00000 para wan(02)
Mensaje X / 00:01:52:000 / wanrouter1(03) / done /     15.00000 para queue1(04)
Mensaje Y / 00:01:52:000 / wan(02) / packetsdropped1 /     15.00000 para top(01)
Mensaje D / 00:01:52:000 / queue1(04) / ... para wanrouter1(03)
Mensaje Y / 00:01:52:000 / top(01) / packetsdropped1 /     15.00000 para Root(00)
Mensaje D / 00:01:52:000 / wanrouter1(03) / 100:38:47:099 para wan(02)
Mensaje D / 00:01:52:000 / wan(02) / 100:38:47:099 para top(01)
Mensaje D / 00:01:52:000 / top(01) / 100:38:47:099 para Root(00)
Mensaje X / 00:02:00:000 / Root(00) / wanin3 /     18.00000 para top(01)
Mensaje X / 00:02:00:000 / top(01) / wanin3 /     18.00000 para wan(02)
Mensaje X / 00:02:00:000 / wan(02) / routerin1 /     18.00000 para wanrouter3(17)
Mensaje X / 00:02:00:000 / wanrouter3(17) / in /     18.00000 para queue7(18)
Mensaje D / 00:02:00:000 / queue7(18) / 00:00:01:000 para wanrouter3(17)
Mensaje D / 00:02:00:000 / wanrouter3(17) / 00:00:01:000 para wan(02)
Mensaje D / 00:02:00:000 / wan(02) / 00:00:01:000 para top(01)
Mensaje D / 00:02:00:000 / top(01) / 00:00:01:000 para Root(00)
Mensaje * / 00:02:01:000 / Root(00) para top(01)
Mensaje * / 00:02:01:000 / top(01) para wan(02)
Mensaje * / 00:02:01:000 / wan(02) para wanrouter3(17)
Mensaje * / 00:02:01:000 / wanrouter3(17) para queue7(18)
Mensaje Y / 00:02:01:000 / queue7(18) / out /     18.00000 para wanrouter3(17)
Mensaje D / 00:02:01:000 / queue7(18) / ... para wanrouter3(17)
Mensaje X / 00:02:01:000 / wanrouter3(17) / switchin /     18.00000 para switch7(21)
Mensaje D / 00:02:01:000 / switch7(21) / 00:00:01:000 para wanrouter3(17)
Mensaje D / 00:02:01:000 / wanrouter3(17) / 00:00:01:000 para wan(02)
Mensaje D / 00:02:01:000 / wan(02) / 00:00:01:000 para top(01)
Mensaje D / 00:02:01:000 / top(01) / 00:00:01:000 para Root(00)
Mensaje * / 00:02:02:000 / Root(00) para top(01)
Mensaje * / 00:02:02:000 / top(01) para wan(02)
Mensaje * / 00:02:02:000 / wan(02) para wanrouter3(17)
Mensaje * / 00:02:02:000 / wanrouter3(17) para switch7(21)
Mensaje Y / 00:02:02:000 / switch7(21) / packetsdropped /     18.00000 para wanrouter3(17)
Mensaje D / 00:02:02:000 / switch7(21) / ... para wanrouter3(17)
Mensaje Y / 00:02:02:000 / wanrouter3(17) / packetsdropped /     18.00000 para wan(02)
Mensaje X / 00:02:02:000 / wanrouter3(17) / done /     18.00000 para queue7(18)
Mensaje Y / 00:02:02:000 / wan(02) / packetsdropped3 /     18.00000 para top(01)
Mensaje D / 00:02:02:000 / queue7(18) / ... para wanrouter3(17)
Mensaje Y / 00:02:02:000 / top(01) / packetsdropped3 /     18.00000 para Root(00)
Mensaje D / 00:02:02:000 / wanrouter3(17) / ... para wan(02)
Mensaje D / 00:02:02:000 / wan(02) / 100:38:37:099 para top(01)
Mensaje D / 00:02:02:000 / top(01) / 100:38:37:099 para Root(00)
