Mensaje I / 00:00:00:000 / Root(00) para top(01)
Mensaje I / 00:00:00:000 / top(01) para wanswitch(02)
Mensaje D / 00:00:00:000 / wanswitch(02) / 100:40:39:099 para top(01)
Mensaje D / 00:00:00:000 / top(01) / 100:40:39:099 para Root(00)
Mensaje X / 00:00:10:000 / Root(00) / switchin /      1.00000 para top(01)
Mensaje X / 00:00:10:000 / top(01) / switchin /      1.00000 para wanswitch(02)
Mensaje D / 00:00:10:000 / wanswitch(02) / 00:00:01:000 para top(01)
Mensaje D / 00:00:10:000 / top(01) / 00:00:01:000 para Root(00)
Mensaje * / 00:00:11:000 / Root(00) para top(01)
Mensaje * / 00:00:11:000 / top(01) para wanswitch(02)
Mensaje Y / 00:00:11:000 / wanswitch(02) / switchout1 /      1.00000 para top(01)
Mensaje D / 00:00:11:000 / wanswitch(02) / ... para top(01)
Mensaje Y / 00:00:11:000 / top(01) / switchout1 /      1.00000 para Root(00)
Mensaje D / 00:00:11:000 / top(01) / ... para Root(00)
Mensaje X / 00:00:20:000 / Root(00) / switchin /      2.00000 para top(01)
Mensaje X / 00:00:20:000 / top(01) / switchin /      2.00000 para wanswitch(02)
Mensaje D / 00:00:20:000 / wanswitch(02) / 00:00:01:000 para top(01)
Mensaje D / 00:00:20:000 / top(01) / 00:00:01:000 para Root(00)
Mensaje * / 00:00:21:000 / Root(00) para top(01)
Mensaje * / 00:00:21:000 / top(01) para wanswitch(02)
Mensaje Y / 00:00:21:000 / wanswitch(02) / switchout1 /      2.00000 para top(01)
Mensaje D / 00:00:21:000 / wanswitch(02) / ... para top(01)
Mensaje Y / 00:00:21:000 / top(01) / switchout1 /      2.00000 para Root(00)
Mensaje D / 00:00:21:000 / top(01) / ... para Root(00)
Mensaje X / 00:00:30:000 / Root(00) / switchin /      3.00000 para top(01)
Mensaje X / 00:00:30:000 / top(01) / switchin /      3.00000 para wanswitch(02)
Mensaje D / 00:00:30:000 / wanswitch(02) / 00:00:01:000 para top(01)
Mensaje D / 00:00:30:000 / top(01) / 00:00:01:000 para Root(00)
Mensaje * / 00:00:31:000 / Root(00) para top(01)
Mensaje * / 00:00:31:000 / top(01) para wanswitch(02)
Mensaje Y / 00:00:31:000 / wanswitch(02) / switchout1 /      3.00000 para top(01)
Mensaje D / 00:00:31:000 / wanswitch(02) / ... para top(01)
Mensaje Y / 00:00:31:000 / top(01) / switchout1 /      3.00000 para Root(00)
Mensaje D / 00:00:31:000 / top(01) / ... para Root(00)
Mensaje X / 00:00:40:000 / Root(00) / switchin /      7.00000 para top(01)
Mensaje X / 00:00:40:000 / top(01) / switchin /      7.00000 para wanswitch(02)
Mensaje D / 00:00:40:000 / wanswitch(02) / 00:00:01:000 para top(01)
Mensaje D / 00:00:40:000 / top(01) / 00:00:01:000 para Root(00)
Mensaje * / 00:00:41:000 / Root(00) para top(01)
Mensaje * / 00:00:41:000 / top(01) para wanswitch(02)
Mensaje Y / 00:00:41:000 / wanswitch(02) / switchout3 /      7.00000 para top(01)
Mensaje D / 00:00:41:000 / wanswitch(02) / ... para top(01)
Mensaje Y / 00:00:41:000 / top(01) / switchout3 /      7.00000 para Root(00)
Mensaje D / 00:00:41:000 / top(01) / ... para Root(00)
Mensaje X / 00:00:50:000 / Root(00) / switchin /      8.00000 para top(01)
Mensaje X / 00:00:50:000 / top(01) / switchin /      8.00000 para wanswitch(02)
Mensaje D / 00:00:50:000 / wanswitch(02) / 00:00:01:000 para top(01)
Mensaje D / 00:00:50:000 / top(01) / 00:00:01:000 para Root(00)
Mensaje * / 00:00:51:000 / Root(00) para top(01)
Mensaje * / 00:00:51:000 / top(01) para wanswitch(02)
Mensaje Y / 00:00:51:000 / wanswitch(02) / switchout3 /      8.00000 para top(01)
Mensaje D / 00:00:51:000 / wanswitch(02) / ... para top(01)
Mensaje Y / 00:00:51:000 / top(01) / switchout3 /      8.00000 para Root(00)
Mensaje D / 00:00:51:000 / top(01) / ... para Root(00)
Mensaje X / 00:01:00:000 / Root(00) / switchin /      9.00000 para top(01)
Mensaje X / 00:01:00:000 / top(01) / switchin /      9.00000 para wanswitch(02)
Mensaje D / 00:01:00:000 / wanswitch(02) / 00:00:01:000 para top(01)
Mensaje D / 00:01:00:000 / top(01) / 00:00:01:000 para Root(00)
Mensaje * / 00:01:01:000 / Root(00) para top(01)
Mensaje * / 00:01:01:000 / top(01) para wanswitch(02)
Mensaje Y / 00:01:01:000 / wanswitch(02) / switchout3 /      9.00000 para top(01)
Mensaje D / 00:01:01:000 / wanswitch(02) / ... para top(01)
Mensaje Y / 00:01:01:000 / top(01) / switchout3 /      9.00000 para Root(00)
Mensaje D / 00:01:01:000 / top(01) / ... para Root(00)
Mensaje X / 00:01:10:000 / Root(00) / switchin /      4.00000 para top(01)
Mensaje X / 00:01:10:000 / top(01) / switchin /      4.00000 para wanswitch(02)
Mensaje D / 00:01:10:000 / wanswitch(02) / 00:00:01:000 para top(01)
Mensaje D / 00:01:10:000 / top(01) / 00:00:01:000 para Root(00)
Mensaje * / 00:01:11:000 / Root(00) para top(01)
Mensaje * / 00:01:11:000 / top(01) para wanswitch(02)
Mensaje Y / 00:01:11:000 / wanswitch(02) / switchout2 /      4.00000 para top(01)
Mensaje D / 00:01:11:000 / wanswitch(02) / ... para top(01)
Mensaje Y / 00:01:11:000 / top(01) / switchout2 /      4.00000 para Root(00)
Mensaje D / 00:01:11:000 / top(01) / ... para Root(00)
Mensaje X / 00:01:20:000 / Root(00) / switchin /      5.00000 para top(01)
Mensaje X / 00:01:20:000 / top(01) / switchin /      5.00000 para wanswitch(02)
Mensaje D / 00:01:20:000 / wanswitch(02) / 00:00:01:000 para top(01)
Mensaje D / 00:01:20:000 / top(01) / 00:00:01:000 para Root(00)
Mensaje * / 00:01:21:000 / Root(00) para top(01)
Mensaje * / 00:01:21:000 / top(01) para wanswitch(02)
Mensaje Y / 00:01:21:000 / wanswitch(02) / switchout2 /      5.00000 para top(01)
Mensaje D / 00:01:21:000 / wanswitch(02) / ... para top(01)
Mensaje Y / 00:01:21:000 / top(01) / switchout2 /      5.00000 para Root(00)
Mensaje D / 00:01:21:000 / top(01) / ... para Root(00)
Mensaje X / 00:01:30:000 / Root(00) / switchin /      6.00000 para top(01)
Mensaje X / 00:01:30:000 / top(01) / switchin /      6.00000 para wanswitch(02)
Mensaje D / 00:01:30:000 / wanswitch(02) / 00:00:01:000 para top(01)
Mensaje D / 00:01:30:000 / top(01) / 00:00:01:000 para Root(00)
Mensaje * / 00:01:31:000 / Root(00) para top(01)
Mensaje * / 00:01:31:000 / top(01) para wanswitch(02)
Mensaje Y / 00:01:31:000 / wanswitch(02) / switchout2 /      6.00000 para top(01)
Mensaje D / 00:01:31:000 / wanswitch(02) / ... para top(01)
Mensaje Y / 00:01:31:000 / top(01) / switchout2 /      6.00000 para Root(00)
Mensaje D / 00:01:31:000 / top(01) / ... para Root(00)
Mensaje X / 00:01:40:000 / Root(00) / switchin /     16.00000 para top(01)
Mensaje X / 00:01:40:000 / top(01) / switchin /     16.00000 para wanswitch(02)
Mensaje D / 00:01:40:000 / wanswitch(02) / 00:00:01:000 para top(01)
Mensaje D / 00:01:40:000 / top(01) / 00:00:01:000 para Root(00)
Mensaje * / 00:01:41:000 / Root(00) para top(01)
Mensaje * / 00:01:41:000 / top(01) para wanswitch(02)
Mensaje Y / 00:01:41:000 / wanswitch(02) / packetsdropped /     16.00000 para top(01)
Mensaje D / 00:01:41:000 / wanswitch(02) / ... para top(01)
Mensaje Y / 00:01:41:000 / top(01) / packetsdropped /     16.00000 para Root(00)
Mensaje D / 00:01:41:000 / top(01) / ... para Root(00)
Mensaje X / 00:01:50:000 / Root(00) / switchin /     10.00000 para top(01)
Mensaje X / 00:01:50:000 / top(01) / switchin /     10.00000 para wanswitch(02)
Mensaje D / 00:01:50:000 / wanswitch(02) / 00:00:01:000 para top(01)
Mensaje D / 00:01:50:000 / top(01) / 00:00:01:000 para Root(00)
Mensaje * / 00:01:51:000 / Root(00) para top(01)
Mensaje * / 00:01:51:000 / top(01) para wanswitch(02)
Mensaje Y / 00:01:51:000 / wanswitch(02) / packetsdropped /     10.00000 para top(01)
Mensaje D / 00:01:51:000 / wanswitch(02) / ... para top(01)
Mensaje Y / 00:01:51:000 / top(01) / packetsdropped /     10.00000 para Root(00)
Mensaje D / 00:01:51:000 / top(01) / ... para Root(00)
Mensaje X / 00:02:00:000 / Root(00) / switchin /     20.00000 para top(01)
Mensaje X / 00:02:00:000 / top(01) / switchin /     20.00000 para wanswitch(02)
Mensaje D / 00:02:00:000 / wanswitch(02) / 00:00:01:000 para top(01)
Mensaje D / 00:02:00:000 / top(01) / 00:00:01:000 para Root(00)
Mensaje * / 00:02:01:000 / Root(00) para top(01)
Mensaje * / 00:02:01:000 / top(01) para wanswitch(02)
Mensaje Y / 00:02:01:000 / wanswitch(02) / packetsdropped /     20.00000 para top(01)
Mensaje D / 00:02:01:000 / wanswitch(02) / ... para top(01)
Mensaje Y / 00:02:01:000 / top(01) / packetsdropped /     20.00000 para Root(00)
Mensaje D / 00:02:01:000 / top(01) / ... para Root(00)
